TN:
SF:src\App.tsx
FN:16,App
FN:19,(anonymous_1)
FNF:2
FNH:2
FNDA:8,App
FNDA:8,(anonymous_1)
DA:17,8
DA:19,8
DA:20,8
DA:23,8
LF:4
LH:4
BRF:0
BRH:0
end_of_record
TN:
SF:src\components\DragAndDropMenu.tsx
FN:29,DragAndDropMenu
FN:30,(anonymous_1)
FN:45,(anonymous_2)
FN:49,(anonymous_3)
FNF:4
FNH:4
FNDA:6,DragAndDropMenu
FNDA:7,(anonymous_1)
FNDA:36,(anonymous_2)
FNDA:7,(anonymous_3)
DA:8,1
DA:30,6
DA:31,7
DA:38,7
DA:39,7
DA:42,6
DA:46,36
DA:49,7
LF:8
LH:8
BRDA:52,0,0,36
BRDA:52,0,1,36
BRF:2
BRH:2
end_of_record
TN:
SF:src\components\DropDownMenu.tsx
FN:8,DropDownMenu
FN:16,(anonymous_1)
FN:17,(anonymous_2)
FN:23,(anonymous_3)
FN:24,(anonymous_4)
FN:30,(anonymous_5)
FN:43,(anonymous_6)
FN:46,(anonymous_7)
FNF:8
FNH:7
FNDA:9,DropDownMenu
FNDA:1,(anonymous_1)
FNDA:1,(anonymous_2)
FNDA:1,(anonymous_3)
FNDA:1,(anonymous_4)
FNDA:1,(anonymous_5)
FNDA:16,(anonymous_6)
FNDA:0,(anonymous_7)
DA:9,9
DA:11,9
DA:16,9
DA:17,1
DA:20,9
DA:23,1
DA:24,1
DA:30,1
DA:44,16
DA:47,0
LF:10
LH:9
BRDA:28,0,0,2
BRDA:28,0,1,6
BRDA:38,1,0,2
BRDA:38,1,1,6
BRDA:38,2,0,2
BRDA:38,2,1,6
BRDA:41,3,0,2
BRDA:41,3,1,6
BRDA:50,4,0,4
BRDA:50,4,1,12
BRDA:53,5,0,16
BRDA:53,5,1,0
BRF:12
BRH:11
end_of_record
TN:
SF:src\components\Header.tsx
FN:16,Header
FN:29,(anonymous_1)
FN:35,(anonymous_2)
FN:41,(anonymous_3)
FN:59,(anonymous_4)
FN:65,(anonymous_5)
FN:70,(anonymous_6)
FN:94,(anonymous_7)
FN:94,(anonymous_8)
FN:112,(anonymous_9)
FN:115,(anonymous_10)
FN:158,HeaderItem
FNF:12
FNH:11
FNDA:22,Header
FNDA:3,(anonymous_1)
FNDA:0,(anonymous_2)
FNDA:1,(anonymous_3)
FNDA:1,(anonymous_4)
FNDA:63,(anonymous_5)
FNDA:3,(anonymous_6)
FNDA:2,(anonymous_7)
FNDA:2,(anonymous_8)
FNDA:6,(anonymous_9)
FNDA:1,(anonymous_10)
FNDA:64,HeaderItem
DA:17,22
DA:18,22
DA:19,22
DA:20,22
DA:21,22
DA:22,22
DA:24,22
DA:29,3
DA:35,0
DA:41,1
DA:45,22
DA:59,1
DA:66,63
DA:71,3
DA:72,2
DA:74,3
DA:94,2
DA:113,6
DA:116,1
DA:117,1
DA:119,1
DA:120,1
DA:159,64
LF:23
LH:22
BRDA:16,0,0,22
BRDA:26,1,0,16
BRDA:26,1,1,5
BRDA:32,2,0,4
BRDA:32,2,1,17
BRDA:38,3,0,1
BRDA:38,3,1,20
BRDA:71,4,0,2
BRDA:71,4,1,1
BRDA:84,5,0,22
BRDA:84,5,1,1
BRDA:84,5,2,1
BRDA:95,6,0,2
BRDA:95,6,1,19
BRDA:97,7,0,2
BRDA:97,7,1,19
BRDA:103,8,0,22
BRDA:103,8,1,2
BRDA:116,9,0,1
BRDA:116,9,1,0
BRDA:123,10,0,2
BRDA:123,10,1,4
BRDA:134,11,0,2
BRDA:134,11,1,0
BRDA:134,11,2,0
BRDA:165,12,0,21
BRDA:165,12,1,42
BRDA:171,13,0,21
BRDA:171,13,1,42
BRDA:179,14,0,64
BRDA:179,14,1,21
BRF:31
BRH:28
end_of_record
TN:
SF:src\components\InteractiveMap.tsx
FN:17,(anonymous_0)
FN:26,(anonymous_1)
FN:41,(anonymous_2)
FN:43,(anonymous_3)
FN:44,(anonymous_4)
FN:63,InteractiveMap
FN:81,(anonymous_6)
FN:86,(anonymous_7)
FN:94,(anonymous_8)
FN:110,(anonymous_9)
FN:114,(anonymous_10)
FN:116,(anonymous_11)
FN:121,(anonymous_12)
FN:123,(anonymous_13)
FN:141,(anonymous_14)
FN:145,(anonymous_15)
FN:146,(anonymous_16)
FN:150,(anonymous_17)
FN:166,(anonymous_18)
FN:169,(anonymous_19)
FN:171,(anonymous_20)
FN:174,(anonymous_21)
FN:176,(anonymous_22)
FN:179,(anonymous_23)
FN:183,(anonymous_24)
FN:186,(anonymous_25)
FN:204,(anonymous_26)
FN:210,(anonymous_27)
FN:233,(anonymous_28)
FN:234,(anonymous_29)
FN:243,(anonymous_30)
FN:260,(anonymous_31)
FN:261,(anonymous_32)
FN:262,(anonymous_33)
FN:271,(anonymous_34)
FN:287,(anonymous_35)
FN:293,(anonymous_36)
FN:294,(anonymous_37)
FN:295,(anonymous_38)
FN:334,(anonymous_39)
FN:335,(anonymous_40)
FN:365,(anonymous_41)
FN:399,(anonymous_42)
FN:408,(anonymous_43)
FN:409,(anonymous_44)
FN:415,(anonymous_45)
FN:415,(anonymous_46)
FN:417,(anonymous_47)
FN:418,(anonymous_48)
FN:435,(anonymous_49)
FNF:50
FNH:43
FNDA:0,(anonymous_0)
FNDA:47,(anonymous_1)
FNDA:133,(anonymous_2)
FNDA:44,(anonymous_3)
FNDA:42,(anonymous_4)
FNDA:71,InteractiveMap
FNDA:27,(anonymous_6)
FNDA:58,(anonymous_7)
FNDA:4,(anonymous_8)
FNDA:27,(anonymous_9)
FNDA:58,(anonymous_10)
FNDA:38,(anonymous_11)
FNDA:31,(anonymous_12)
FNDA:28,(anonymous_13)
FNDA:28,(anonymous_14)
FNDA:27,(anonymous_15)
FNDA:1,(anonymous_16)
FNDA:1,(anonymous_17)
FNDA:27,(anonymous_18)
FNDA:3,(anonymous_19)
FNDA:3,(anonymous_20)
FNDA:2,(anonymous_21)
FNDA:2,(anonymous_22)
FNDA:2,(anonymous_23)
FNDA:2,(anonymous_24)
FNDA:1,(anonymous_25)
FNDA:1,(anonymous_26)
FNDA:0,(anonymous_27)
FNDA:0,(anonymous_28)
FNDA:0,(anonymous_29)
FNDA:0,(anonymous_30)
FNDA:2,(anonymous_31)
FNDA:2,(anonymous_32)
FNDA:2,(anonymous_33)
FNDA:2,(anonymous_34)
FNDA:4,(anonymous_35)
FNDA:1,(anonymous_36)
FNDA:1,(anonymous_37)
FNDA:2,(anonymous_38)
FNDA:0,(anonymous_39)
FNDA:1,(anonymous_40)
FNDA:2,(anonymous_41)
FNDA:48,(anonymous_42)
FNDA:2,(anonymous_43)
FNDA:2,(anonymous_44)
FNDA:2,(anonymous_45)
FNDA:0,(anonymous_46)
FNDA:1,(anonymous_47)
FNDA:1,(anonymous_48)
FNDA:1,(anonymous_49)
DA:10,1
DA:11,1
DA:12,1
DA:13,1
DA:14,1
DA:15,1
DA:17,1
DA:18,0
DA:19,0
DA:20,0
DA:21,0
DA:23,0
DA:26,1
DA:27,47
DA:28,47
DA:29,47
DA:30,47
DA:31,47
DA:33,47
DA:34,44
DA:35,44
DA:38,47
DA:41,1
DA:42,133
DA:43,133
DA:44,44
DA:45,42
DA:46,42
DA:49,133
DA:73,71
DA:74,71
DA:75,71
DA:76,71
DA:77,71
DA:78,71
DA:81,71
DA:82,27
DA:86,71
DA:87,58
DA:88,4
DA:89,4
DA:94,71
DA:95,4
DA:96,4
DA:99,71
DA:100,71
DA:101,71
DA:102,71
DA:103,71
DA:104,71
DA:105,71
DA:106,71
DA:108,71
DA:110,71
DA:111,27
DA:114,71
DA:115,58
DA:116,58
DA:117,58
DA:121,71
DA:122,31
DA:123,28
DA:124,28
DA:126,28
DA:127,28
DA:129,28
DA:130,28
DA:132,28
DA:133,28
DA:134,28
DA:136,28
DA:139,28
DA:140,28
DA:141,28
DA:145,71
DA:146,27
DA:147,1
DA:148,1
DA:150,1
DA:151,1
DA:152,0
DA:153,0
DA:161,0
DA:165,27
DA:166,27
DA:169,71
DA:170,3
DA:171,3
DA:174,71
DA:175,2
DA:176,2
DA:179,71
DA:180,2
DA:183,71
DA:186,71
DA:187,1
DA:188,1
DA:190,1
DA:204,1
DA:206,1
DA:207,1
DA:208,1
DA:210,1
DA:211,0
DA:212,0
DA:213,0
DA:214,0
DA:215,0
DA:216,0
DA:217,0
DA:218,0
DA:221,0
DA:224,1
DA:226,1
DA:227,1
DA:228,1
DA:229,1
DA:233,71
DA:234,0
DA:235,0
DA:237,0
DA:239,0
DA:240,0
DA:241,0
DA:243,0
DA:244,0
DA:245,0
DA:246,0
DA:247,0
DA:248,0
DA:249,0
DA:250,0
DA:251,0
DA:254,0
DA:257,0
DA:260,71
DA:261,2
DA:262,2
DA:263,2
DA:265,2
DA:267,2
DA:268,2
DA:269,2
DA:271,2
DA:272,2
DA:273,2
DA:274,2
DA:275,2
DA:276,0
DA:277,0
DA:278,0
DA:279,0
DA:282,2
DA:285,2
DA:287,4
DA:288,2
DA:289,2
DA:293,71
DA:294,1
DA:295,2
DA:296,1
DA:297,1
DA:301,71
DA:334,0
DA:336,1
DA:337,1
DA:338,1
DA:339,1
DA:340,1
DA:342,1
DA:343,1
DA:344,1
DA:365,2
DA:400,48
DA:409,2
DA:410,2
DA:411,2
DA:413,2
DA:415,2
DA:418,1
DA:419,1
DA:420,1
DA:422,1
DA:435,1
LF:184
LH:145
BRDA:23,0,0,0
BRDA:23,0,1,0
BRDA:23,0,2,0
BRDA:23,0,3,0
BRDA:26,1,0,47
BRDA:45,2,0,42
BRDA:45,2,1,0
BRDA:64,3,0,71
BRDA:65,4,0,71
BRDA:66,5,0,71
BRDA:67,6,0,71
BRDA:68,7,0,71
BRDA:70,8,0,71
BRDA:71,9,0,71
BRDA:87,10,0,4
BRDA:87,10,1,54
BRDA:101,11,0,10
BRDA:101,11,1,61
BRDA:102,12,0,10
BRDA:102,12,1,61
BRDA:111,13,0,26
BRDA:111,13,1,1
BRDA:122,14,0,3
BRDA:122,14,1,28
BRDA:124,15,0,0
BRDA:124,15,1,28
BRDA:127,16,0,0
BRDA:127,16,1,28
BRDA:147,17,0,1
BRDA:147,17,1,0
BRDA:147,18,0,1
BRDA:147,18,1,0
BRDA:147,18,2,1
BRDA:151,19,0,1
BRDA:151,19,1,0
BRDA:212,20,0,0
BRDA:212,20,1,0
BRDA:214,21,0,0
BRDA:214,21,1,0
BRDA:216,22,0,0
BRDA:216,22,1,0
BRDA:224,23,0,0
BRDA:224,23,1,1
BRDA:235,24,0,0
BRDA:235,24,1,0
BRDA:245,25,0,0
BRDA:245,25,1,0
BRDA:247,26,0,0
BRDA:247,26,1,0
BRDA:247,27,0,0
BRDA:247,27,1,0
BRDA:249,28,0,0
BRDA:249,28,1,0
BRDA:263,29,0,0
BRDA:263,29,1,2
BRDA:273,30,0,0
BRDA:273,30,1,2
BRDA:275,31,0,2
BRDA:275,31,1,0
BRDA:275,32,0,2
BRDA:275,32,1,0
BRDA:277,33,0,0
BRDA:277,33,1,0
BRDA:285,34,0,0
BRDA:285,34,1,2
BRDA:287,35,0,2
BRDA:287,35,1,2
BRDA:311,36,0,71
BRDA:311,36,1,61
BRDA:325,37,0,61
BRDA:325,37,1,10
BRDA:331,38,0,0
BRDA:331,38,1,71
BRDA:334,39,0,0
BRDA:334,39,1,49
BRDA:335,40,0,1
BRDA:335,40,1,49
BRDA:338,41,0,0
BRDA:338,41,1,1
BRDA:365,42,0,2
BRDA:365,42,1,61
BRDA:376,43,0,71
BRDA:376,43,1,2
BRDA:387,44,0,71
BRDA:387,44,1,69
BRDA:387,44,2,2
BRDA:393,45,0,71
BRDA:393,45,1,69
BRDA:393,45,2,67
BRDA:393,45,3,42
BRDA:408,46,0,2
BRDA:408,46,1,14
BRDA:408,47,0,48
BRDA:408,47,1,26
BRDA:413,48,0,2
BRDA:413,48,1,2
BRDA:415,49,0,2
BRDA:415,49,1,34
BRDA:415,50,0,48
BRDA:415,50,1,26
BRDA:417,51,0,1
BRDA:417,51,1,26
BRDA:432,52,0,71
BRDA:432,52,1,49
BRDA:432,52,2,2
BRF:105
BRH:68
end_of_record
TN:
SF:src\components\LogOutButton.tsx
FN:14,LogoutButton
FN:25,(anonymous_1)
FN:32,(anonymous_2)
FNF:3
FNH:2
FNDA:9,LogoutButton
FNDA:1,(anonymous_1)
FNDA:0,(anonymous_2)
DA:15,9
DA:16,9
DA:17,9
DA:18,9
DA:19,9
DA:21,9
DA:22,2
DA:25,7
DA:26,1
DA:27,1
DA:29,1
DA:30,1
DA:31,1
DA:32,1
DA:35,7
LF:15
LH:15
BRDA:14,0,0,9
BRDA:21,1,0,2
BRDA:21,1,1,7
BRDA:21,2,0,9
BRDA:21,2,1,8
BRDA:26,3,0,1
BRDA:26,3,1,0
BRDA:37,4,0,1
BRDA:37,4,1,6
BRDA:44,5,0,0
BRDA:44,5,1,1
BRDA:58,6,0,1
BRDA:58,6,1,5
BRF:13
BRH:11
end_of_record
TN:
SF:src\components\MachineModal.tsx
FN:4,MachineModal
FN:11,(anonymous_1)
FN:39,(anonymous_2)
FN:50,(anonymous_3)
FNF:4
FNH:4
FNDA:13,MachineModal
FNDA:2,(anonymous_1)
FNDA:22,(anonymous_2)
FNDA:22,(anonymous_3)
DA:5,13
DA:11,2
DA:40,22
DA:51,22
LF:4
LH:4
BRDA:4,0,0,13
BRDA:6,1,0,1
BRDA:6,1,1,12
BRDA:23,2,0,13
BRDA:23,2,1,1
BRDA:59,3,0,1
BRDA:59,3,1,12
BRF:7
BRH:7
end_of_record
TN:
SF:src\components\ProfileButton.tsx
FN:14,ProfileButton
FN:21,(anonymous_1)
FN:31,(anonymous_2)
FN:38,(anonymous_3)
FN:52,(anonymous_4)
FNF:5
FNH:3
FNDA:9,ProfileButton
FNDA:2,(anonymous_1)
FNDA:0,(anonymous_2)
FNDA:0,(anonymous_3)
FNDA:2,(anonymous_4)
DA:15,9
DA:16,9
DA:17,9
DA:18,9
DA:19,9
DA:21,9
DA:22,2
DA:23,2
DA:25,2
DA:26,1
DA:28,1
DA:30,2
DA:31,2
DA:34,9
DA:38,0
DA:52,2
LF:16
LH:15
BRDA:14,0,0,9
BRDA:22,1,0,2
BRDA:22,1,1,0
BRDA:25,2,0,1
BRDA:25,2,1,1
BRDA:36,3,0,1
BRDA:36,3,1,8
BRDA:43,4,0,0
BRDA:43,4,1,1
BRDA:57,5,0,2
BRDA:57,5,1,6
BRF:11
BRH:9
end_of_record
TN:
SF:src\components\SearchBar.tsx
FN:9,SearchBar
FN:15,(anonymous_1)
FN:22,(anonymous_2)
FN:23,(anonymous_3)
FN:29,(anonymous_4)
FN:38,(anonymous_5)
FN:39,(anonymous_6)
FN:44,(anonymous_7)
FN:48,(anonymous_8)
FNF:9
FNH:9
FNDA:27,SearchBar
FNDA:45,(anonymous_1)
FNDA:12,(anonymous_2)
FNDA:4,(anonymous_3)
FNDA:12,(anonymous_4)
FNDA:10,(anonymous_5)
FNDA:1,(anonymous_6)
FNDA:11,(anonymous_7)
FNDA:2,(anonymous_8)
DA:10,27
DA:11,27
DA:12,27
DA:14,27
DA:16,45
DA:22,27
DA:23,12
DA:24,4
DA:25,2
DA:28,12
DA:29,12
DA:32,27
DA:38,10
DA:39,1
DA:45,11
DA:49,2
DA:50,2
DA:51,2
LF:18
LH:18
BRDA:14,0,0,15
BRDA:14,0,1,12
BRDA:16,1,0,45
BRDA:16,1,1,32
BRDA:24,2,0,2
BRDA:24,2,1,2
BRDA:24,3,0,4
BRDA:24,3,1,4
BRDA:42,4,0,27
BRDA:42,4,1,11
BRDA:42,4,2,10
BRDA:64,5,0,27
BRDA:64,5,1,11
BRDA:64,5,2,11
BRDA:64,5,3,1
BRF:15
BRH:15
end_of_record
TN:
SF:src\components\ThemeToggle.tsx
FN:12,ThemeToggle
FN:21,(anonymous_1)
FN:25,(anonymous_2)
FN:44,(anonymous_3)
FN:48,(anonymous_4)
FNF:5
FNH:3
FNDA:13,ThemeToggle
FNDA:1,(anonymous_1)
FNDA:0,(anonymous_2)
FNDA:1,(anonymous_3)
FNDA:0,(anonymous_4)
DA:13,13
DA:14,13
DA:15,13
DA:17,13
DA:22,1
DA:23,1
DA:24,1
DA:25,1
DA:45,1
DA:46,1
DA:47,1
DA:48,1
LF:12
LH:12
BRDA:12,0,0,13
BRDA:19,1,0,5
BRDA:19,1,1,7
BRDA:31,2,0,1
BRDA:31,2,1,4
BRDA:35,3,0,4
BRDA:35,3,1,1
BRDA:54,4,0,1
BRDA:54,4,1,6
BRDA:58,5,0,6
BRDA:58,5,1,1
BRF:11
BRH:11
end_of_record
TN:
SF:src\components\Tile.tsx
FN:20,Tile
FN:36,(anonymous_1)
FN:53,(anonymous_2)
FN:69,(anonymous_3)
FN:82,(anonymous_4)
FN:97,(anonymous_5)
FN:100,(anonymous_6)
FN:179,(anonymous_7)
FN:200,(anonymous_8)
FN:242,(anonymous_9)
FN:256,(anonymous_10)
FN:268,(anonymous_11)
FN:280,(anonymous_12)
FN:285,(anonymous_13)
FNF:14
FNH:14
FNDA:95,Tile
FNDA:46,(anonymous_1)
FNDA:45,(anonymous_2)
FNDA:5,(anonymous_3)
FNDA:10,(anonymous_4)
FNDA:82,(anonymous_5)
FNDA:13,(anonymous_6)
FNDA:13,(anonymous_7)
FNDA:24,(anonymous_8)
FNDA:1,(anonymous_9)
FNDA:1,(anonymous_10)
FNDA:1,(anonymous_11)
FNDA:496,(anonymous_12)
FNDA:10,(anonymous_13)
DA:9,1
DA:36,46
DA:41,95
DA:42,95
DA:43,95
DA:44,95
DA:47,95
DA:48,95
DA:49,95
DA:50,95
DA:53,95
DA:54,45
DA:55,45
DA:56,45
DA:57,45
DA:60,95
DA:61,95
DA:69,95
DA:70,5
DA:71,3
DA:73,3
DA:74,3
DA:82,95
DA:83,10
DA:84,10
DA:86,10
DA:87,10
DA:97,95
DA:98,82
DA:100,24
DA:101,13
DA:102,3
DA:103,3
DA:105,3
DA:106,3
DA:108,3
DA:109,1
DA:112,2
DA:113,2
DA:114,10
DA:115,10
DA:116,10
DA:118,10
DA:119,10
DA:120,10
DA:121,10
DA:122,10
DA:124,10
DA:126,10
DA:128,3
DA:129,3
DA:131,1
DA:132,1
DA:133,1
DA:135,1
DA:136,1
DA:138,1
DA:139,1
DA:140,1
DA:142,1
DA:143,1
DA:144,1
DA:146,1
DA:147,1
DA:148,1
DA:149,1
DA:151,1
DA:152,1
DA:153,1
DA:154,1
DA:156,1
DA:157,1
DA:158,1
DA:159,1
DA:160,1
DA:163,10
DA:164,10
DA:165,10
DA:166,10
DA:168,10
DA:169,1
DA:172,9
DA:173,9
DA:174,9
DA:175,9
DA:179,24
DA:181,13
DA:182,13
DA:183,3
DA:184,10
DA:185,10
DA:193,13
DA:194,13
DA:197,24
DA:198,24
DA:200,24
DA:201,24
DA:202,24
DA:206,95
DA:217,95
DA:243,1
DA:244,1
DA:245,1
DA:257,1
DA:258,1
DA:269,1
DA:270,1
DA:271,1
DA:281,496
DA:285,10
LF:110
LH:110
BRDA:31,0,0,95
BRDA:34,1,0,95
BRDA:35,2,0,95
BRDA:36,3,0,46
BRDA:38,4,0,95
BRDA:39,5,0,95
BRDA:61,6,0,94
BRDA:61,6,1,1
BRDA:62,7,0,0
BRDA:62,7,1,94
BRDA:65,8,0,0
BRDA:65,8,1,1
BRDA:70,9,0,2
BRDA:70,9,1,3
BRDA:70,10,0,5
BRDA:70,10,1,2
BRDA:70,10,2,4
BRDA:83,11,0,0
BRDA:83,11,1,10
BRDA:83,12,0,10
BRDA:83,12,1,10
BRDA:98,13,0,58
BRDA:98,13,1,24
BRDA:98,14,0,82
BRDA:98,14,1,77
BRDA:101,15,0,3
BRDA:101,15,1,10
BRDA:108,16,0,1
BRDA:108,16,1,2
BRDA:108,17,0,3
BRDA:108,17,1,1
BRDA:114,18,0,10
BRDA:114,18,1,0
BRDA:126,19,0,3
BRDA:126,19,1,1
BRDA:126,19,2,1
BRDA:126,19,3,1
BRDA:126,19,4,1
BRDA:126,19,5,1
BRDA:126,19,6,1
BRDA:126,19,7,1
BRDA:168,20,0,1
BRDA:168,20,1,9
BRDA:168,21,0,10
BRDA:168,21,1,1
BRDA:181,22,0,13
BRDA:181,22,1,0
BRDA:182,23,0,3
BRDA:182,23,1,10
BRDA:184,24,0,10
BRDA:184,24,1,0
BRDA:229,25,0,67
BRDA:229,25,1,28
BRDA:229,26,0,95
BRDA:229,26,1,67
BRDA:230,27,0,27
BRDA:230,27,1,68
BRDA:230,28,0,95
BRDA:230,28,1,94
BRDA:231,29,0,1
BRDA:231,29,1,94
BRDA:232,30,0,95
BRDA:232,30,1,0
BRDA:235,31,0,37
BRDA:235,31,1,58
BRDA:235,32,0,95
BRDA:235,32,1,87
BRDA:236,33,0,37
BRDA:236,33,1,58
BRDA:236,34,0,95
BRDA:236,34,1,87
BRDA:237,35,0,37
BRDA:237,35,1,58
BRDA:237,36,0,95
BRDA:237,36,1,87
BRDA:238,37,0,37
BRDA:238,37,1,58
BRDA:238,38,0,95
BRDA:238,38,1,87
BRDA:242,39,0,1
BRDA:242,39,1,67
BRDA:243,40,0,0
BRDA:243,40,1,1
BRDA:243,41,0,1
BRDA:243,41,1,1
BRDA:250,42,0,6
BRDA:250,42,1,89
BRDA:251,43,0,95
BRDA:251,43,1,0
BRDA:253,44,0,95
BRDA:253,44,1,67
BRDA:253,44,2,62
BRDA:265,45,0,95
BRDA:265,45,1,67
BRDA:265,45,2,62
BRDA:270,46,0,1
BRDA:270,46,1,0
BRDA:280,47,0,95
BRDA:280,47,1,67
BRDA:280,47,2,62
BRF:100
BRH:90
end_of_record
TN:
SF:src\components\TileInfoCard.tsx
FN:10,TileInfoCard
FN:30,(anonymous_1)
FNF:2
FNH:2
FNDA:10,TileInfoCard
FNDA:2,(anonymous_1)
DA:11,10
DA:12,10
DA:13,10
DA:15,10
DA:16,10
DA:18,10
DA:19,10
DA:21,10
DA:26,10
DA:30,2
LF:10
LH:10
BRDA:44,0,0,10
BRDA:44,0,1,7
BRDA:49,1,0,10
BRDA:49,1,1,7
BRF:4
BRH:4
end_of_record
TN:
SF:src\components\ToggleSwitch.tsx
FN:10,(anonymous_0)
FN:19,(anonymous_1)
FNF:2
FNH:2
FNDA:12,(anonymous_0)
FNDA:2,(anonymous_1)
DA:10,1
DA:11,12
DA:13,12
DA:20,2
DA:21,2
LF:5
LH:5
BRDA:10,0,0,12
BRDA:28,1,0,5
BRDA:28,1,1,7
BRDA:28,2,0,12
BRDA:28,2,1,11
BRDA:35,3,0,6
BRDA:35,3,1,6
BRF:7
BRH:7
end_of_record
TN:
SF:src\components\ZoomControls.tsx
FN:12,(anonymous_0)
FNF:1
FNH:1
FNDA:6,(anonymous_0)
DA:12,1
DA:13,6
DA:15,6
DA:19,6
LF:4
LH:4
BRDA:16,0,0,6
BRDA:16,0,1,0
BRF:2
BRH:1
end_of_record
TN:
SF:src\components\effects\ShinyText.tsx
FN:10,(anonymous_0)
FNF:1
FNH:1
FNDA:7,(anonymous_0)
DA:10,1
DA:11,7
DA:13,7
LF:3
LH:3
BRDA:10,0,0,7
BRDA:10,1,0,7
BRDA:10,2,0,7
BRDA:15,3,0,1
BRDA:15,3,1,6
BRF:5
BRH:5
end_of_record
TN:
SF:src\constants\colors.ts
FNF:0
FNH:0
DA:1,1
LF:1
LH:1
BRF:0
BRH:0
end_of_record
TN:
SF:src\context\AuthContext.tsx
FN:38,getPersistedState
FN:59,persistState
FN:68,AuthProvider
FN:69,(anonymous_3)
FN:74,(anonymous_4)
FN:87,(anonymous_5)
FN:92,(anonymous_6)
FN:106,(anonymous_7)
FN:110,(anonymous_8)
FN:112,(anonymous_9)
FN:116,(anonymous_10)
FN:126,useAuth
FN:132,RequireAuth
FN:140,RequireAdmin
FNF:14
FNH:14
FNDA:12,getPersistedState
FNDA:14,persistState
FNDA:26,AuthProvider
FNDA:12,(anonymous_3)
FNDA:5,(anonymous_4)
FNDA:9,(anonymous_5)
FNDA:12,(anonymous_6)
FNDA:12,(anonymous_7)
FNDA:25,(anonymous_8)
FNDA:1,(anonymous_9)
FNDA:1,(anonymous_10)
FNDA:30,useAuth
FNDA:6,RequireAuth
FNDA:4,RequireAdmin
DA:26,1
DA:28,1
DA:36,1
DA:39,12
DA:40,12
DA:41,10
DA:44,2
DA:45,2
DA:46,2
DA:54,1
DA:55,1
DA:60,14
DA:61,9
DA:62,9
DA:65,5
DA:69,26
DA:74,26
DA:75,5
DA:83,5
DA:84,5
DA:87,26
DA:88,9
DA:89,9
DA:92,26
DA:93,12
DA:94,12
DA:95,4
DA:102,8
DA:106,26
DA:107,12
DA:110,26
DA:113,1
DA:117,1
DA:118,1
DA:119,1
DA:123,26
DA:127,30
DA:128,30
DA:129,25
DA:133,6
DA:134,6
DA:135,3
DA:141,4
DA:142,4
DA:145,2
LF:45
LH:45
BRDA:40,0,0,10
BRDA:40,0,1,2
BRDA:48,1,0,1
BRDA:48,1,1,0
BRDA:49,2,0,1
BRDA:49,2,1,0
BRDA:50,3,0,1
BRDA:50,3,1,0
BRDA:51,4,0,1
BRDA:51,4,1,0
BRDA:60,5,0,9
BRDA:60,5,1,5
BRDA:128,6,0,4
BRDA:128,6,1,26
BRDA:134,7,0,3
BRDA:134,7,1,3
BRDA:135,8,0,1
BRDA:135,8,1,2
BRDA:142,9,0,2
BRDA:142,9,1,2
BRDA:145,10,0,1
BRDA:145,10,1,1
BRF:22
BRH:18
end_of_record
TN:
SF:src\context\SettingsContext.tsx
FN:18,(anonymous_0)
FN:24,(anonymous_1)
FN:34,(anonymous_2)
FN:36,(anonymous_3)
FN:52,(anonymous_4)
FNF:5
FNH:5
FNDA:14,(anonymous_0)
FNDA:10,(anonymous_1)
FNDA:9,(anonymous_2)
FNDA:9,(anonymous_3)
FNDA:19,(anonymous_4)
DA:16,1
DA:18,1
DA:19,14
DA:20,14
DA:21,14
DA:22,14
DA:24,14
DA:25,10
DA:26,2
DA:28,8
DA:34,14
DA:35,9
DA:36,9
DA:37,9
DA:41,14
DA:52,1
DA:53,19
DA:54,19
DA:55,14
LF:19
LH:19
BRDA:25,0,0,2
BRDA:25,0,1,8
BRDA:54,1,0,4
BRDA:54,1,1,15
BRF:4
BRH:4
end_of_record
TN:
SF:src\context\ThemeContext.tsx
FN:11,ThemeProvider
FN:12,(anonymous_1)
FN:20,(anonymous_2)
FN:31,(anonymous_3)
FN:32,(anonymous_4)
FN:42,useTheme
FNF:6
FNH:6
FNDA:14,ThemeProvider
FNDA:8,(anonymous_1)
FNDA:14,(anonymous_2)
FNDA:6,(anonymous_3)
FNDA:6,(anonymous_4)
FNDA:19,useTheme
DA:9,1
DA:12,14
DA:13,8
DA:14,8
DA:16,6
DA:17,6
DA:20,14
DA:21,14
DA:23,14
DA:24,14
DA:25,7
DA:27,7
DA:31,14
DA:32,6
DA:35,14
DA:43,19
DA:44,19
DA:45,4
DA:47,14
LF:19
LH:19
BRDA:14,0,0,2
BRDA:14,0,1,6
BRDA:17,1,0,1
BRDA:17,1,1,5
BRDA:24,2,0,7
BRDA:24,2,1,7
BRDA:32,3,0,4
BRDA:32,3,1,2
BRDA:44,4,0,4
BRDA:44,4,1,15
BRF:10
BRH:10
end_of_record
TN:
SF:src\hooks\useAppSound.ts
FN:9,useAppSound
FN:17,(anonymous_1)
FNF:2
FNH:2
FNDA:30,useAppSound
FNDA:1,(anonymous_1)
DA:10,30
DA:11,30
DA:17,30
DA:19,30
LF:4
LH:4
BRDA:13,0,0,28
BRDA:13,0,1,2
BRDA:13,1,0,28
BRDA:13,1,1,3
BRDA:17,2,0,28
BRDA:17,2,1,1
BRF:6
BRH:6
end_of_record
TN:
SF:src\pages\EditMapPage.tsx
FN:17,EditMapPage
FN:21,(anonymous_1)
FN:43,(anonymous_2)
FN:45,(anonymous_3)
FN:52,(anonymous_4)
FN:57,(anonymous_5)
FN:58,(anonymous_6)
FN:61,(anonymous_7)
FN:68,(anonymous_8)
FN:73,(anonymous_9)
FN:76,(anonymous_10)
FN:95,(anonymous_11)
FN:98,(anonymous_12)
FN:103,(anonymous_13)
FN:104,(anonymous_14)
FN:130,(anonymous_15)
FN:130,(anonymous_16)
FN:147,(anonymous_17)
FN:161,(anonymous_18)
FN:172,(anonymous_19)
FN:172,(anonymous_20)
FN:184,(anonymous_21)
FN:184,(anonymous_22)
FNF:23
FNH:17
FNDA:38,EditMapPage
FNDA:13,(anonymous_1)
FNDA:26,(anonymous_2)
FNDA:0,(anonymous_3)
FNDA:26,(anonymous_4)
FNDA:13,(anonymous_5)
FNDA:13,(anonymous_6)
FNDA:13,(anonymous_7)
FNDA:13,(anonymous_8)
FNDA:13,(anonymous_9)
FNDA:13,(anonymous_10)
FNDA:13,(anonymous_11)
FNDA:0,(anonymous_12)
FNDA:13,(anonymous_13)
FNDA:13,(anonymous_14)
FNDA:2,(anonymous_15)
FNDA:2,(anonymous_16)
FNDA:1,(anonymous_17)
FNDA:1,(anonymous_18)
FNDA:0,(anonymous_19)
FNDA:0,(anonymous_20)
FNDA:0,(anonymous_21)
FNDA:0,(anonymous_22)
DA:18,38
DA:19,38
DA:21,38
DA:22,13
DA:23,0
DA:27,38
DA:28,38
DA:29,38
DA:30,38
DA:31,38
DA:32,38
DA:33,38
DA:34,38
DA:37,38
DA:38,38
DA:39,38
DA:40,38
DA:43,38
DA:44,26
DA:45,13
DA:48,38
DA:49,38
DA:52,38
DA:53,26
DA:54,26
DA:55,13
DA:56,26
DA:57,13
DA:58,13
DA:61,38
DA:62,13
DA:63,0
DA:68,38
DA:69,13
DA:73,38
DA:74,13
DA:76,13
DA:77,13
DA:78,13
DA:80,13
DA:81,13
DA:82,13
DA:83,13
DA:84,13
DA:86,0
DA:87,0
DA:88,0
DA:90,13
DA:94,13
DA:95,13
DA:98,38
DA:99,0
DA:103,38
DA:104,13
DA:105,13
DA:106,13
DA:107,0
DA:109,13
DA:111,13
DA:114,38
DA:115,13
DA:122,25
DA:130,2
DA:147,1
DA:161,1
DA:172,0
DA:184,0
LF:67
LH:58
BRDA:22,0,0,0
BRDA:22,0,1,13
BRDA:22,1,0,13
BRDA:22,1,1,13
BRDA:38,2,0,38
BRDA:38,2,1,0
BRDA:39,3,0,38
BRDA:39,3,1,0
BRDA:39,4,0,38
BRDA:39,4,1,38
BRDA:40,5,0,38
BRDA:40,5,1,0
BRDA:40,6,0,38
BRDA:40,6,1,38
BRDA:44,7,0,13
BRDA:44,7,1,13
BRDA:48,8,0,25
BRDA:48,8,1,13
BRDA:53,9,0,0
BRDA:53,9,1,26
BRDA:54,10,0,13
BRDA:54,10,1,13
BRDA:54,11,0,26
BRDA:54,11,1,13
BRDA:55,12,0,13
BRDA:55,12,1,0
BRDA:62,13,0,0
BRDA:62,13,1,13
BRDA:82,14,0,0
BRDA:82,14,1,13
BRDA:86,15,0,0
BRDA:86,15,1,0
BRDA:88,16,0,0
BRDA:88,16,1,0
BRDA:90,17,0,13
BRDA:90,17,1,0
BRDA:106,18,0,0
BRDA:106,18,1,13
BRDA:114,19,0,13
BRDA:114,19,1,25
BRDA:114,20,0,38
BRDA:114,20,1,25
BRDA:131,21,0,2
BRDA:131,21,1,23
BRDA:133,22,0,2
BRDA:133,22,1,23
BRDA:138,23,0,2
BRDA:138,23,1,23
BRDA:144,24,0,38
BRDA:144,24,1,2
BRDA:179,25,0,38
BRDA:179,25,1,0
BRF:52
BRH:37
end_of_record
TN:
SF:src\pages\HomePage.tsx
FN:13,HomePage
FN:18,(anonymous_1)
FN:83,(anonymous_2)
FNF:3
FNH:2
FNDA:8,HomePage
FNDA:0,(anonymous_1)
FNDA:1,(anonymous_2)
DA:14,8
DA:15,8
DA:16,8
DA:18,8
DA:20,8
DA:43,8
DA:83,1
LF:7
LH:7
BRDA:51,0,0,0
BRDA:51,0,1,8
BRDA:61,1,0,0
BRDA:61,1,1,8
BRDA:62,2,0,0
BRDA:62,2,1,8
BRDA:63,3,0,0
BRDA:63,3,1,8
BRDA:77,4,0,0
BRDA:77,4,1,8
BRDA:78,5,0,0
BRDA:78,5,1,8
BRDA:79,6,0,0
BRDA:79,6,1,8
BRF:14
BRH:7
end_of_record
TN:
SF:src\pages\LoadingPage.tsx
FN:4,LoadingPage
FNF:1
FNH:1
FNDA:3,LoadingPage
DA:5,3
LF:1
LH:1
BRF:0
BRH:0
end_of_record
TN:
SF:src\pages\LoginPage.tsx
FN:8,LoginPage
FN:16,(anonymous_1)
FN:22,(anonymous_2)
FN:100,(anonymous_3)
FN:115,(anonymous_4)
FNF:5
FNH:5
FNDA:34,LoginPage
FNDA:11,(anonymous_1)
FNDA:6,(anonymous_2)
FNDA:6,(anonymous_3)
FNDA:6,(anonymous_4)
DA:9,34
DA:10,34
DA:11,34
DA:12,34
DA:13,34
DA:14,34
DA:16,34
DA:17,11
DA:18,1
DA:22,34
DA:23,6
DA:25,6
DA:26,6
DA:28,6
DA:29,1
DA:30,1
DA:33,5
DA:34,1
DA:35,1
DA:38,4
DA:40,4
DA:41,4
DA:46,2
DA:52,1
DA:53,1
DA:56,1
DA:57,1
DA:58,1
DA:64,1
DA:66,2
DA:67,2
DA:69,4
DA:73,34
DA:100,6
DA:115,6
LF:35
LH:35
BRDA:17,0,0,1
BRDA:17,0,1,10
BRDA:17,1,0,11
BRDA:17,1,1,10
BRDA:25,2,0,0
BRDA:25,2,1,6
BRDA:25,3,0,6
BRDA:25,3,1,6
BRDA:28,4,0,1
BRDA:28,4,1,5
BRDA:28,5,0,6
BRDA:28,5,1,5
BRDA:33,6,0,1
BRDA:33,6,1,4
BRDA:46,7,0,1
BRDA:46,7,1,1
BRDA:47,8,0,2
BRDA:47,8,1,1
BRDA:47,8,2,1
BRDA:47,8,3,1
BRDA:52,9,0,1
BRDA:52,9,1,0
BRDA:67,10,0,1
BRDA:67,10,1,1
BRDA:89,11,0,34
BRDA:89,11,1,5
BRDA:124,12,0,34
BRDA:124,12,1,29
BRDA:125,13,0,4
BRDA:125,13,1,29
BRDA:126,14,0,4
BRDA:126,14,1,29
BRDA:129,15,0,5
BRDA:129,15,1,28
BRDA:129,16,0,34
BRDA:129,16,1,29
BRF:36
BRH:34
end_of_record
TN:
SF:src\pages\MapPage.tsx
FN:19,MapPage
FN:34,(anonymous_1)
FN:36,(anonymous_2)
FN:42,(anonymous_3)
FN:46,(anonymous_4)
FN:47,(anonymous_5)
FN:50,(anonymous_6)
FN:57,(anonymous_7)
FN:60,(anonymous_8)
FN:70,(anonymous_9)
FN:77,(anonymous_10)
FN:91,(anonymous_11)
FN:95,(anonymous_12)
FN:97,(anonymous_13)
FN:104,(anonymous_14)
FN:105,(anonymous_15)
FN:136,(anonymous_16)
FN:136,(anonymous_17)
FN:148,(anonymous_18)
FN:148,(anonymous_19)
FN:159,(anonymous_20)
FNF:21
FNH:21
FNDA:35,MapPage
FNDA:24,(anonymous_1)
FNDA:12,(anonymous_2)
FNDA:28,(anonymous_3)
FNDA:32,(anonymous_4)
FNDA:16,(anonymous_5)
FNDA:28,(anonymous_6)
FNDA:12,(anonymous_7)
FNDA:12,(anonymous_8)
FNDA:24,(anonymous_9)
FNDA:36,(anonymous_10)
FNDA:12,(anonymous_11)
FNDA:1,(anonymous_12)
FNDA:1,(anonymous_13)
FNDA:12,(anonymous_14)
FNDA:12,(anonymous_15)
FNDA:1,(anonymous_16)
FNDA:1,(anonymous_17)
FNDA:3,(anonymous_18)
FNDA:3,(anonymous_19)
FNDA:1,(anonymous_20)
DA:16,1
DA:17,1
DA:20,35
DA:21,35
DA:22,35
DA:23,35
DA:24,35
DA:25,35
DA:26,35
DA:27,35
DA:28,35
DA:29,35
DA:30,35
DA:31,35
DA:34,35
DA:35,24
DA:36,12
DA:39,35
DA:40,35
DA:42,35
DA:43,28
DA:44,16
DA:45,28
DA:46,32
DA:47,16
DA:50,35
DA:51,28
DA:52,0
DA:57,35
DA:58,12
DA:60,12
DA:61,12
DA:62,12
DA:64,12
DA:65,12
DA:66,12
DA:67,12
DA:69,12
DA:70,12
DA:71,24
DA:72,24
DA:73,24
DA:77,36
DA:80,12
DA:82,0
DA:83,0
DA:84,0
DA:86,12
DA:90,12
DA:91,12
DA:95,35
DA:97,1
DA:98,1
DA:99,0
DA:101,1
DA:104,35
DA:105,12
DA:106,12
DA:107,12
DA:108,12
DA:110,12
DA:113,35
DA:114,12
DA:121,23
DA:136,1
DA:148,3
DA:159,1
LF:67
LH:62
BRDA:16,0,0,1
BRDA:16,0,1,0
BRDA:17,1,0,1
BRDA:17,1,1,0
BRDA:17,2,0,1
BRDA:17,2,1,1
BRDA:30,3,0,0
BRDA:30,3,1,35
BRDA:30,4,0,35
BRDA:30,4,1,0
BRDA:35,5,0,12
BRDA:35,5,1,12
BRDA:39,6,0,23
BRDA:39,6,1,12
BRDA:43,7,0,12
BRDA:43,7,1,16
BRDA:43,8,0,28
BRDA:43,8,1,16
BRDA:44,9,0,16
BRDA:44,9,1,0
BRDA:51,10,0,0
BRDA:51,10,1,28
BRDA:66,11,0,0
BRDA:66,11,1,12
BRDA:69,12,0,12
BRDA:69,12,1,0
BRDA:71,13,0,24
BRDA:71,13,1,0
BRDA:71,13,2,0
BRDA:75,14,0,24
BRDA:75,14,1,0
BRDA:75,14,2,0
BRDA:76,15,0,24
BRDA:76,15,1,0
BRDA:76,15,2,0
BRDA:76,15,3,0
BRDA:77,16,0,24
BRDA:77,16,1,0
BRDA:82,17,0,0
BRDA:82,17,1,0
BRDA:84,18,0,0
BRDA:84,18,1,0
BRDA:86,19,0,12
BRDA:86,19,1,0
BRDA:98,20,0,0
BRDA:98,20,1,1
BRDA:98,21,0,1
BRDA:98,21,1,1
BRDA:113,22,0,12
BRDA:113,22,1,23
BRDA:143,23,0,23
BRDA:143,23,1,0
BRDA:157,24,0,35
BRDA:157,24,1,23
BRDA:157,24,2,23
BRF:55
BRH:32
end_of_record
TN:
SF:src\pages\NotFoundPage.tsx
FN:5,NotFoundPage
FNF:1
FNH:1
FNDA:4,NotFoundPage
DA:6,4
LF:1
LH:1
BRF:0
BRH:0
end_of_record
TN:
SF:src\pages\ProfilePage.tsx
FN:7,ProfilePage
FN:11,(anonymous_1)
FNF:2
FNH:2
FNDA:4,ProfilePage
FNDA:4,(anonymous_1)
DA:8,4
DA:9,4
DA:11,4
DA:12,4
DA:13,1
DA:17,4
DA:18,1
DA:21,3
LF:8
LH:8
BRDA:12,0,0,1
BRDA:12,0,1,3
BRDA:12,1,0,4
BRDA:12,1,1,3
BRDA:17,2,0,1
BRDA:17,2,1,3
BRF:6
BRH:6
end_of_record
TN:
SF:src\pages\SettingsPage.tsx
FN:7,SettingsPage
FN:44,(anonymous_1)
FN:57,(anonymous_2)
FN:70,(anonymous_3)
FN:83,(anonymous_4)
FN:89,(anonymous_5)
FNF:6
FNH:6
FNDA:13,SettingsPage
FNDA:1,(anonymous_1)
FNDA:1,(anonymous_2)
FNDA:1,(anonymous_3)
FNDA:1,(anonymous_4)
FNDA:1,(anonymous_5)
DA:8,13
DA:9,13
DA:10,13
DA:11,13
DA:12,13
DA:14,13
DA:44,1
DA:57,1
DA:70,1
DA:83,1
DA:89,1
LF:11
LH:11
BRDA:22,0,0,0
BRDA:22,0,1,13
BRDA:23,1,0,0
BRDA:23,1,1,13
BRDA:24,2,0,0
BRDA:24,2,1,13
BRF:6
BRH:3
end_of_record
TN:
SF:src\pages\SignUpPage.tsx
FN:8,SignUpPage
FN:18,(anonymous_1)
FN:24,(anonymous_2)
FN:61,(anonymous_3)
FN:92,(anonymous_4)
FN:107,(anonymous_5)
FN:122,(anonymous_6)
FN:137,(anonymous_7)
FNF:8
FNH:8
FNDA:48,SignUpPage
FNDA:12,(anonymous_1)
FNDA:7,(anonymous_2)
FNDA:1,(anonymous_3)
FNDA:7,(anonymous_4)
FNDA:6,(anonymous_5)
FNDA:6,(anonymous_6)
FNDA:6,(anonymous_7)
DA:9,48
DA:10,48
DA:11,48
DA:12,48
DA:13,48
DA:14,48
DA:15,48
DA:16,48
DA:18,48
DA:19,12
DA:20,1
DA:24,48
DA:25,7
DA:26,7
DA:27,7
DA:29,7
DA:30,7
DA:31,7
DA:32,1
DA:33,1
DA:36,6
DA:37,1
DA:38,1
DA:41,5
DA:42,1
DA:43,1
DA:46,4
DA:47,4
DA:48,4
DA:53,1
DA:55,2
DA:57,3
DA:61,48
DA:62,1
DA:65,48
DA:92,7
DA:107,6
DA:122,6
DA:137,6
LF:39
LH:39
BRDA:19,0,0,1
BRDA:19,0,1,11
BRDA:19,1,0,12
BRDA:19,1,1,12
BRDA:26,2,0,0
BRDA:26,2,1,7
BRDA:26,3,0,7
BRDA:26,3,1,7
BRDA:31,4,0,1
BRDA:31,4,1,6
BRDA:31,5,0,7
BRDA:31,5,1,6
BRDA:31,5,2,6
BRDA:31,5,3,6
BRDA:36,6,0,1
BRDA:36,6,1,5
BRDA:41,7,0,1
BRDA:41,7,1,4
BRDA:55,8,0,1
BRDA:55,8,1,1
BRDA:81,9,0,48
BRDA:81,9,1,5
BRDA:147,10,0,48
BRDA:147,10,1,43
BRDA:148,11,0,4
BRDA:148,11,1,43
BRDA:149,12,0,4
BRDA:149,12,1,43
BRDA:152,13,0,4
BRDA:152,13,1,43
BRF:30
BRH:29
end_of_record
TN:
SF:src\services\apiClient.ts
FN:3,request
FN:21,(anonymous_1)
FNF:2
FNH:2
FNDA:18,request
FNDA:1,(anonymous_1)
DA:1,5
DA:7,18
DA:9,18
DA:14,18
DA:20,18
DA:21,3
DA:22,3
DA:28,15
DA:30,11
LF:9
LH:9
BRDA:1,0,0,5
BRDA:1,0,1,0
BRDA:1,1,0,0
BRDA:1,1,1,0
BRDA:5,2,0,18
BRDA:20,3,0,3
BRDA:20,3,1,15
BRDA:23,4,0,3
BRDA:23,4,1,2
BRDA:28,5,0,4
BRDA:28,5,1,11
BRF:11
BRH:8
end_of_record
TN:
SF:src\services\authService.ts
FN:14,parseErrorMessage
FN:16,(anonymous_1)
FN:37,authRequest
FN:63,loginManager
FN:70,registerManager
FN:77,getManagerProfile
FN:81,logoutManager
FN:87,(anonymous_7)
FNF:8
FNH:7
FNDA:6,parseErrorMessage
FNDA:0,(anonymous_1)
FNDA:9,authRequest
FNDA:5,loginManager
FNDA:2,registerManager
FNDA:2,getManagerProfile
FNDA:2,logoutManager
FNDA:1,(anonymous_7)
DA:15,6
DA:16,6
DA:18,6
DA:19,1
DA:22,5
DA:23,5
DA:24,5
DA:25,3
DA:27,1
DA:28,1
DA:34,1
DA:41,9
DA:42,9
DA:51,9
DA:52,6
DA:53,6
DA:56,3
DA:57,0
DA:60,3
DA:64,5
DA:71,2
DA:78,2
DA:82,2
DA:84,2
DA:87,1
LF:25
LH:24
BRDA:18,0,0,1
BRDA:18,0,1,5
BRDA:24,1,0,3
BRDA:24,1,1,2
BRDA:24,2,0,5
BRDA:24,2,1,3
BRDA:27,3,0,1
BRDA:27,3,1,0
BRDA:27,4,0,1
BRDA:27,4,1,1
BRDA:39,5,0,9
BRDA:51,6,0,6
BRDA:51,6,1,3
BRDA:56,7,0,0
BRDA:56,7,1,3
BRF:15
BRH:13
end_of_record
TN:
SF:src\services\componentService.ts
FN:18,createComponent
FN:28,updateComponent
FN:39,deleteComponent
FNF:3
FNH:3
FNDA:1,createComponent
FNDA:1,updateComponent
FNDA:1,deleteComponent
DA:21,1
DA:32,1
DA:40,1
LF:3
LH:3
BRF:0
BRH:0
end_of_record
TN:
SF:src\services\floorService.ts
FN:18,createFloor
FN:29,updateFloor
FN:40,deleteFloor
FNF:3
FNH:3
FNDA:1,createFloor
FNDA:1,updateFloor
FNDA:1,deleteFloor
DA:22,1
DA:33,1
DA:41,1
LF:3
LH:3
BRF:0
BRH:0
end_of_record
TN:
SF:src\services\isAdmin.ts
FN:1,isAdminTEST
FNF:1
FNH:1
FNDA:3,isAdminTEST
DA:2,3
DA:3,3
LF:2
LH:2
BRF:0
BRH:0
end_of_record
TN:
SF:src\services\layoutService.ts
FN:20,getLayout
FN:25,getLayoutPublic
FN:30,createLayout
FN:40,updateLayout
FN:51,deleteLayout
FNF:5
FNH:5
FNDA:1,getLayout
FNDA:1,getLayoutPublic
FNDA:1,createLayout
FNDA:1,updateLayout
FNDA:1,deleteLayout
DA:21,1
DA:26,1
DA:33,1
DA:44,1
DA:52,1
LF:5
LH:5
BRF:0
BRH:0
end_of_record
TN:
SF:src\services\tempAuth.ts
FN:14,authenticateTempUser
FN:26,constantTimeCompare
FNF:2
FNH:2
FNDA:7,authenticateTempUser
FNDA:14,constantTimeCompare
DA:8,1
DA:15,7
DA:16,7
DA:18,7
DA:20,7
DA:27,14
DA:29,10
DA:30,10
DA:31,86
DA:33,10
LF:10
LH:10
BRDA:15,0,0,7
BRDA:15,0,1,1
BRDA:16,1,0,7
BRDA:16,1,1,1
BRDA:18,2,0,7
BRDA:18,2,1,3
BRDA:22,3,0,1
BRDA:22,3,1,6
BRDA:27,4,0,4
BRDA:27,4,1,10
BRF:10
BRH:10
end_of_record
TN:
SF:src\services\tileService.ts
FN:7,(anonymous_0)
FN:12,(anonymous_1)
FN:18,(anonymous_2)
FN:29,(anonymous_3)
FN:33,(anonymous_4)
FN:37,(anonymous_5)
FN:51,(anonymous_6)
FN:64,getFloorTiles
FN:70,(anonymous_8)
FN:84,(anonymous_9)
FN:85,(anonymous_10)
FN:96,getPreviewTiles
FNF:12
FNH:12
FNDA:18,(anonymous_0)
FNDA:18,(anonymous_1)
FNDA:18,(anonymous_2)
FNDA:36,(anonymous_3)
FNDA:22,(anonymous_4)
FNDA:11,(anonymous_5)
FNDA:22,(anonymous_6)
FNDA:5,getFloorTiles
FNDA:3,(anonymous_8)
FNDA:3,(anonymous_9)
FNDA:2,(anonymous_10)
FNDA:6,getPreviewTiles
DA:5,1
DA:7,1
DA:8,18
DA:9,18
DA:12,1
DA:13,18
DA:14,2
DA:15,1
DA:18,1
DA:22,18
DA:23,18
DA:24,18
DA:26,18
DA:29,36
DA:31,18
DA:33,22
DA:37,18
DA:39,18
DA:51,22
DA:68,5
DA:70,5
DA:71,5
DA:72,1
DA:79,4
DA:80,4
DA:82,4
DA:83,5
DA:84,3
DA:85,2
DA:87,5
DA:89,5
DA:97,6
LF:32
LH:32
BRDA:13,0,0,16
BRDA:13,0,1,2
BRDA:14,1,0,1
BRDA:14,1,1,1
BRDA:24,2,0,18
BRDA:24,2,1,5
BRDA:27,3,0,18
BRDA:27,3,1,5
BRDA:33,4,0,22
BRDA:33,4,1,0
BRDA:37,5,0,18
BRDA:37,5,1,7
BRDA:49,6,0,18
BRDA:49,6,1,5
BRDA:49,6,2,4
BRDA:50,7,0,18
BRDA:50,7,1,4
BRDA:52,8,0,11
BRDA:52,8,1,7
BRDA:71,9,0,1
BRDA:71,9,1,4
BRDA:82,10,0,4
BRDA:82,10,1,0
BRF:23
BRH:21
end_of_record
