TN:
SF:src\App.tsx
FN:17,App
FN:20,(anonymous_1)
FNF:2
FNH:2
FNDA:35,App
FNDA:35,(anonymous_1)
DA:18,35
DA:20,35
DA:21,35
DA:24,35
LF:4
LH:4
BRF:0
BRH:0
end_of_record
TN:
SF:src\components\CreateExerciseModal.tsx
FN:32,(anonymous_0)
FN:37,CreateExerciseModal
FN:56,(anonymous_2)
FN:58,(anonymous_3)
FN:58,(anonymous_4)
FN:59,(anonymous_5)
FN:60,(anonymous_6)
FN:62,(anonymous_7)
FN:67,(anonymous_8)
FN:72,(anonymous_9)
FN:84,(anonymous_10)
FN:89,(anonymous_11)
FN:92,(anonymous_12)
FN:95,(anonymous_13)
FN:96,(anonymous_14)
FN:96,(anonymous_15)
FN:99,(anonymous_16)
FN:122,(anonymous_17)
FN:124,(anonymous_18)
FN:139,(anonymous_19)
FN:143,(anonymous_20)
FN:147,(anonymous_21)
FN:151,(anonymous_22)
FN:160,(anonymous_23)
FN:168,(anonymous_24)
FN:182,(anonymous_25)
FN:185,(anonymous_26)
FN:209,(anonymous_27)
FNF:28
FNH:18
FNDA:6,(anonymous_0)
FNDA:61,CreateExerciseModal
FNDA:29,(anonymous_2)
FNDA:4,(anonymous_3)
FNDA:4,(anonymous_4)
FNDA:4,(anonymous_5)
FNDA:33,(anonymous_6)
FNDA:59,(anonymous_7)
FNDA:23,(anonymous_8)
FNDA:30,(anonymous_9)
FNDA:0,(anonymous_10)
FNDA:1,(anonymous_11)
FNDA:1,(anonymous_12)
FNDA:0,(anonymous_13)
FNDA:0,(anonymous_14)
FNDA:0,(anonymous_15)
FNDA:2,(anonymous_16)
FNDA:0,(anonymous_17)
FNDA:3,(anonymous_18)
FNDA:2,(anonymous_19)
FNDA:0,(anonymous_20)
FNDA:0,(anonymous_21)
FNDA:0,(anonymous_22)
FNDA:0,(anonymous_23)
FNDA:16,(anonymous_24)
FNDA:3,(anonymous_25)
FNDA:0,(anonymous_26)
FNDA:2,(anonymous_27)
DA:29,15
DA:30,15
DA:32,15
DA:33,6
DA:34,6
DA:48,61
DA:49,61
DA:50,61
DA:51,61
DA:52,61
DA:53,61
DA:54,61
DA:56,61
DA:57,61
DA:58,4
DA:59,4
DA:60,61
DA:62,61
DA:63,59
DA:64,38
DA:65,38
DA:67,23
DA:68,7
DA:72,61
DA:73,30
DA:74,3
DA:75,3
DA:76,3
DA:77,3
DA:78,3
DA:79,3
DA:80,3
DA:84,61
DA:85,0
DA:86,0
DA:89,61
DA:90,1
DA:91,1
DA:92,1
DA:95,61
DA:96,0
DA:99,61
DA:100,2
DA:101,2
DA:102,0
DA:103,0
DA:105,2
DA:106,2
DA:107,2
DA:114,2
DA:116,0
DA:120,61
DA:121,15
DA:122,0
DA:124,3
DA:139,2
DA:143,0
DA:147,0
DA:151,0
DA:160,0
DA:169,16
DA:183,3
DA:185,0
DA:209,2
LF:64
LH:52
BRDA:34,0,0,0
BRDA:34,0,1,6
BRDA:41,1,0,61
BRDA:42,2,0,61
BRDA:43,3,0,61
BRDA:44,4,0,61
BRDA:63,5,0,38
BRDA:63,5,1,21
BRDA:64,6,0,0
BRDA:64,6,1,38
BRDA:67,7,0,7
BRDA:67,7,1,14
BRDA:73,8,0,3
BRDA:73,8,1,27
BRDA:85,9,0,0
BRDA:85,9,1,0
BRDA:91,10,0,0
BRDA:91,10,1,1
BRDA:91,11,0,1
BRDA:91,11,1,1
BRDA:101,12,0,0
BRDA:101,12,1,2
BRDA:116,13,0,0
BRDA:116,13,1,0
BRDA:120,14,0,46
BRDA:120,14,1,15
BRDA:160,15,0,15
BRDA:160,15,1,12
BRDA:160,15,2,12
BRDA:161,16,0,3
BRDA:161,16,1,12
BRDA:163,17,0,0
BRDA:163,17,1,12
BRDA:165,18,0,0
BRDA:165,18,1,12
BRDA:166,19,0,0
BRDA:166,19,1,0
BRDA:173,20,0,61
BRDA:173,20,1,12
BRDA:173,20,2,12
BRDA:173,20,3,10
BRDA:175,21,0,61
BRDA:175,21,1,3
BRDA:176,22,0,61
BRDA:176,22,1,0
BRDA:178,23,0,12
BRDA:178,23,1,3
BRDA:196,24,0,61
BRDA:196,24,1,0
BRDA:205,25,0,61
BRDA:205,25,1,0
BRDA:209,26,0,0
BRDA:209,26,1,15
BRF:53
BRH:37
end_of_record
TN:
SF:src\components\DragAndDropMenu.tsx
FN:6,DragAndDropMenu
FN:10,(anonymous_1)
FN:11,fetchEquipmentTypes
FN:16,(anonymous_3)
FN:39,(anonymous_4)
FN:50,(anonymous_5)
FN:55,(anonymous_6)
FN:61,(anonymous_7)
FNF:8
FNH:8
FNDA:12,DragAndDropMenu
FNDA:6,(anonymous_1)
FNDA:6,fetchEquipmentTypes
FNDA:30,(anonymous_3)
FNDA:7,(anonymous_4)
FNDA:60,(anonymous_5)
FNDA:30,(anonymous_6)
FNDA:7,(anonymous_7)
DA:7,12
DA:8,12
DA:10,12
DA:12,6
DA:14,6
DA:15,6
DA:16,5
DA:17,30
DA:19,30
DA:27,5
DA:30,1
DA:33,6
DA:36,6
DA:39,12
DA:40,7
DA:41,7
DA:44,12
DA:51,60
DA:56,30
DA:57,30
DA:61,7
LF:21
LH:21
BRDA:20,0,0,30
BRDA:20,0,1,30
BRDA:20,1,0,30
BRDA:20,1,1,30
BRDA:21,2,0,30
BRDA:21,2,1,30
BRDA:22,3,0,30
BRDA:22,3,1,30
BRDA:23,4,0,30
BRDA:23,4,1,30
BRDA:48,5,0,6
BRDA:48,5,1,5
BRDA:65,6,0,30
BRDA:65,6,1,0
BRDA:74,7,0,30
BRDA:74,7,1,30
BRF:16
BRH:15
end_of_record
TN:
SF:src\components\DropDownMenu.tsx
FN:6,DropDownMenu
FN:14,(anonymous_1)
FN:15,(anonymous_2)
FN:21,(anonymous_3)
FN:22,(anonymous_4)
FN:28,(anonymous_5)
FN:41,(anonymous_6)
FN:44,(anonymous_7)
FNF:8
FNH:7
FNDA:9,DropDownMenu
FNDA:1,(anonymous_1)
FNDA:1,(anonymous_2)
FNDA:1,(anonymous_3)
FNDA:1,(anonymous_4)
FNDA:1,(anonymous_5)
FNDA:16,(anonymous_6)
FNDA:0,(anonymous_7)
DA:7,9
DA:9,9
DA:14,9
DA:15,1
DA:18,9
DA:21,1
DA:22,1
DA:28,1
DA:42,16
DA:45,0
LF:10
LH:9
BRDA:26,0,0,2
BRDA:26,0,1,6
BRDA:36,1,0,2
BRDA:36,1,1,6
BRDA:36,2,0,2
BRDA:36,2,1,6
BRDA:39,3,0,2
BRDA:39,3,1,6
BRDA:48,4,0,4
BRDA:48,4,1,12
BRDA:51,5,0,16
BRDA:51,5,1,0
BRF:12
BRH:11
end_of_record
TN:
SF:src\components\ExerciseDetailsModal.tsx
FN:23,(anonymous_0)
FN:28,ExerciseDetailsModal
FN:45,(anonymous_2)
FN:59,(anonymous_3)
FN:78,(anonymous_4)
FN:81,(anonymous_5)
FN:86,(anonymous_6)
FN:125,(anonymous_7)
FN:127,(anonymous_8)
FN:149,(anonymous_9)
FN:160,(anonymous_10)
FN:168,(anonymous_11)
FN:187,(anonymous_12)
FN:204,(anonymous_13)
FN:216,(anonymous_14)
FNF:15
FNH:10
FNDA:6,(anonymous_0)
FNDA:59,ExerciseDetailsModal
FNDA:31,(anonymous_2)
FNDA:2,(anonymous_3)
FNDA:2,(anonymous_4)
FNDA:0,(anonymous_5)
FNDA:2,(anonymous_6)
FNDA:0,(anonymous_7)
FNDA:2,(anonymous_8)
FNDA:2,(anonymous_9)
FNDA:0,(anonymous_10)
FNDA:0,(anonymous_11)
FNDA:0,(anonymous_12)
FNDA:6,(anonymous_13)
FNDA:2,(anonymous_14)
DA:20,15
DA:21,15
DA:23,15
DA:24,6
DA:25,6
DA:35,59
DA:36,59
DA:37,59
DA:38,59
DA:39,59
DA:40,59
DA:41,59
DA:42,59
DA:43,59
DA:45,59
DA:46,31
DA:48,4
DA:49,4
DA:50,4
DA:51,4
DA:52,4
DA:53,4
DA:54,4
DA:56,4
DA:58,2
DA:59,2
DA:60,2
DA:61,2
DA:62,2
DA:63,2
DA:64,2
DA:65,2
DA:66,2
DA:67,2
DA:68,2
DA:70,0
DA:71,0
DA:73,2
DA:77,2
DA:78,2
DA:81,59
DA:82,0
DA:83,0
DA:86,59
DA:87,2
DA:88,0
DA:89,0
DA:92,2
DA:93,2
DA:94,0
DA:95,0
DA:98,2
DA:99,2
DA:101,2
DA:102,2
DA:104,2
DA:105,2
DA:115,2
DA:117,0
DA:119,2
DA:123,59
DA:124,14
DA:125,0
DA:127,2
DA:149,2
DA:160,0
DA:168,0
DA:187,0
DA:205,6
DA:216,2
LF:70
LH:57
BRDA:25,0,0,6
BRDA:25,0,1,0
BRDA:46,1,0,27
BRDA:46,1,1,4
BRDA:56,2,0,2
BRDA:56,2,1,2
BRDA:56,3,0,4
BRDA:56,3,1,4
BRDA:63,4,0,0
BRDA:63,4,1,2
BRDA:65,5,0,2
BRDA:65,5,1,0
BRDA:66,6,0,2
BRDA:66,6,1,0
BRDA:67,7,0,2
BRDA:67,7,1,0
BRDA:68,8,0,2
BRDA:68,8,1,0
BRDA:70,9,0,0
BRDA:70,9,1,0
BRDA:71,10,0,0
BRDA:71,10,1,0
BRDA:73,11,0,2
BRDA:73,11,1,0
BRDA:82,12,0,0
BRDA:82,12,1,0
BRDA:87,13,0,0
BRDA:87,13,1,2
BRDA:93,14,0,0
BRDA:93,14,1,2
BRDA:117,15,0,0
BRDA:117,15,1,0
BRDA:123,16,0,45
BRDA:123,16,1,14
BRDA:133,17,0,12
BRDA:133,17,1,2
BRDA:139,18,0,2
BRDA:139,18,1,12
BRDA:146,19,0,10
BRDA:146,19,1,2
BRDA:154,20,0,2
BRDA:154,20,1,2
BRDA:159,21,0,10
BRDA:159,21,1,2
BRDA:162,22,0,2
BRDA:162,22,1,2
BRDA:167,23,0,10
BRDA:167,23,1,2
BRDA:170,24,0,0
BRDA:170,24,1,2
BRDA:170,25,0,2
BRDA:170,25,1,2
BRDA:173,26,0,12
BRDA:173,26,1,6
BRDA:174,27,0,3
BRDA:174,27,1,3
BRDA:178,28,0,59
BRDA:178,28,1,0
BRDA:179,29,0,59
BRDA:179,29,1,0
BRDA:184,30,0,59
BRDA:184,30,1,12
BRDA:191,31,0,6
BRDA:191,31,1,8
BRDA:191,32,0,12
BRDA:191,32,1,2
BRDA:191,33,0,2
BRDA:191,33,1,2
BRDA:192,34,0,6
BRDA:192,34,1,0
BRDA:192,35,0,0
BRDA:192,35,1,0
BRDA:199,36,0,8
BRDA:199,36,1,6
BRDA:200,37,0,59
BRDA:200,37,1,8
BRDA:214,38,0,12
BRDA:214,38,1,2
BRDA:215,39,0,59
BRDA:215,39,1,12
BRDA:216,40,0,12
BRDA:216,40,1,10
BRDA:216,40,2,8
BRF:83
BRH:60
end_of_record
TN:
SF:src\components\FloatingEditTray.tsx
FN:20,FloatingEditTray
FN:41,(anonymous_1)
FN:51,(anonymous_2)
FNF:3
FNH:1
FNDA:2,FloatingEditTray
FNDA:0,(anonymous_1)
FNDA:0,(anonymous_2)
DA:6,13
DA:28,2
DA:30,0
DA:32,0
DA:42,0
DA:51,0
LF:6
LH:2
BRDA:28,0,0,2
BRDA:28,0,1,0
BRDA:38,1,0,0
BRDA:38,1,1,0
BRDA:46,2,0,0
BRDA:46,2,1,0
BRF:6
BRH:1
end_of_record
TN:
SF:src\components\Header.tsx
FN:15,Header
FN:28,(anonymous_1)
FN:34,(anonymous_2)
FN:40,(anonymous_3)
FN:58,(anonymous_4)
FN:64,(anonymous_5)
FN:69,(anonymous_6)
FN:93,(anonymous_7)
FN:93,(anonymous_8)
FN:111,(anonymous_9)
FN:114,(anonymous_10)
FN:157,HeaderItem
FNF:12
FNH:11
FNDA:106,Header
FNDA:3,(anonymous_1)
FNDA:0,(anonymous_2)
FNDA:1,(anonymous_3)
FNDA:1,(anonymous_4)
FNDA:315,(anonymous_5)
FNDA:3,(anonymous_6)
FNDA:2,(anonymous_7)
FNDA:2,(anonymous_8)
FNDA:6,(anonymous_9)
FNDA:1,(anonymous_10)
FNDA:316,HeaderItem
DA:16,106
DA:17,106
DA:18,106
DA:19,106
DA:20,106
DA:21,106
DA:23,106
DA:28,3
DA:34,0
DA:40,1
DA:44,106
DA:58,1
DA:65,315
DA:70,3
DA:71,2
DA:73,3
DA:93,2
DA:112,6
DA:115,1
DA:116,1
DA:118,1
DA:119,1
DA:158,316
DA:160,316
LF:24
LH:23
BRDA:15,0,0,106
BRDA:25,1,0,100
BRDA:25,1,1,5
BRDA:31,2,0,1
BRDA:31,2,1,104
BRDA:37,3,0,1
BRDA:37,3,1,104
BRDA:70,4,0,2
BRDA:70,4,1,1
BRDA:75,5,0,315
BRDA:75,5,1,214
BRDA:75,5,2,105
BRDA:83,6,0,106
BRDA:83,6,1,8
BRDA:83,6,2,8
BRDA:94,7,0,2
BRDA:94,7,1,103
BRDA:96,8,0,2
BRDA:96,8,1,103
BRDA:102,9,0,106
BRDA:102,9,1,2
BRDA:115,10,0,1
BRDA:115,10,1,0
BRDA:122,11,0,2
BRDA:122,11,1,4
BRDA:133,12,0,2
BRDA:133,12,1,0
BRDA:133,12,2,0
BRDA:158,13,0,316
BRDA:158,13,1,3
BRDA:166,14,0,101
BRDA:166,14,1,214
BRDA:166,15,0,316
BRDA:166,15,1,102
BRDA:171,16,0,316
BRDA:171,16,1,102
BRDA:172,17,0,102
BRDA:172,17,1,213
BRDA:180,18,0,316
BRDA:180,18,1,102
BRF:40
BRH:37
end_of_record
TN:
SF:src\components\InteractiveMap.tsx
FN:27,(anonymous_0)
FN:36,(anonymous_1)
FN:51,(anonymous_2)
FN:53,(anonymous_3)
FN:54,(anonymous_4)
FN:62,(anonymous_5)
FN:64,(anonymous_6)
FN:67,(anonymous_7)
FN:72,(anonymous_8)
FN:73,(anonymous_9)
FN:74,(anonymous_10)
FN:79,(anonymous_11)
FN:81,(anonymous_12)
FN:86,(anonymous_13)
FN:91,(anonymous_14)
FN:96,(anonymous_15)
FN:97,(anonymous_16)
FN:116,(anonymous_17)
FN:118,(anonymous_18)
FN:131,(anonymous_19)
FN:155,InteractiveMap
FN:184,(anonymous_21)
FN:189,(anonymous_22)
FN:194,(anonymous_23)
FN:202,(anonymous_24)
FN:218,(anonymous_25)
FN:222,(anonymous_26)
FN:224,(anonymous_27)
FN:229,(anonymous_28)
FN:231,(anonymous_29)
FN:249,(anonymous_30)
FN:253,(anonymous_31)
FN:254,(anonymous_32)
FN:258,(anonymous_33)
FN:274,(anonymous_34)
FN:277,(anonymous_35)
FN:279,(anonymous_36)
FN:282,(anonymous_37)
FN:284,(anonymous_38)
FN:287,(anonymous_39)
FN:292,(anonymous_40)
FN:296,(anonymous_41)
FN:298,(anonymous_42)
FN:305,(anonymous_43)
FN:307,(anonymous_44)
FN:343,(anonymous_45)
FN:365,(anonymous_46)
FN:366,(anonymous_47)
FN:374,(anonymous_48)
FN:375,(anonymous_49)
FN:382,(anonymous_50)
FN:383,(anonymous_51)
FN:388,(anonymous_52)
FN:389,(anonymous_53)
FN:390,(anonymous_54)
FN:394,(anonymous_55)
FN:401,(anonymous_56)
FN:402,(anonymous_57)
FN:411,(anonymous_58)
FN:412,(anonymous_59)
FN:417,(anonymous_60)
FN:424,(anonymous_61)
FN:430,(anonymous_62)
FN:434,(anonymous_63)
FN:457,(anonymous_64)
FN:460,(anonymous_65)
FN:495,(anonymous_66)
FN:499,(anonymous_67)
FN:518,(anonymous_68)
FN:518,(anonymous_69)
FN:533,(anonymous_70)
FN:558,(anonymous_71)
FN:581,(anonymous_72)
FN:582,(anonymous_73)
FN:584,(anonymous_74)
FN:584,(anonymous_75)
FN:616,(anonymous_76)
FN:646,(anonymous_77)
FN:680,(anonymous_78)
FN:680,(anonymous_79)
FN:685,(anonymous_80)
FN:696,(anonymous_81)
FN:722,(anonymous_82)
FN:726,(anonymous_83)
FN:728,(anonymous_84)
FN:738,(anonymous_85)
FN:740,(anonymous_86)
FN:747,(anonymous_87)
FN:748,(anonymous_88)
FN:752,(anonymous_89)
FN:769,(anonymous_90)
FN:770,(anonymous_91)
FN:801,(anonymous_92)
FN:838,(anonymous_93)
FN:841,(anonymous_94)
FN:842,(anonymous_95)
FN:851,(anonymous_96)
FN:852,(anonymous_97)
FN:859,(anonymous_98)
FN:861,(anonymous_99)
FN:865,(anonymous_100)
FN:913,(anonymous_101)
FN:919,(anonymous_102)
FN:921,(anonymous_103)
FN:921,(anonymous_104)
FN:927,(anonymous_105)
FN:948,(anonymous_106)
FNF:107
FNH:48
FNDA:0,(anonymous_0)
FNDA:208,(anonymous_1)
FNDA:193,(anonymous_2)
FNDA:206,(anonymous_3)
FNDA:518,(anonymous_4)
FNDA:0,(anonymous_5)
FNDA:0,(anonymous_6)
FNDA:0,(anonymous_7)
FNDA:0,(anonymous_8)
FNDA:0,(anonymous_9)
FNDA:0,(anonymous_10)
FNDA:0,(anonymous_11)
FNDA:0,(anonymous_12)
FNDA:0,(anonymous_13)
FNDA:0,(anonymous_14)
FNDA:0,(anonymous_15)
FNDA:0,(anonymous_16)
FNDA:2,(anonymous_17)
FNDA:2,(anonymous_18)
FNDA:0,(anonymous_19)
FNDA:85,InteractiveMap
FNDA:34,(anonymous_21)
FNDA:98,(anonymous_22)
FNDA:71,(anonymous_23)
FNDA:3,(anonymous_24)
FNDA:34,(anonymous_25)
FNDA:71,(anonymous_26)
FNDA:103,(anonymous_27)
FNDA:38,(anonymous_28)
FNDA:35,(anonymous_29)
FNDA:35,(anonymous_30)
FNDA:34,(anonymous_31)
FNDA:1,(anonymous_32)
FNDA:1,(anonymous_33)
FNDA:34,(anonymous_34)
FNDA:3,(anonymous_35)
FNDA:3,(anonymous_36)
FNDA:2,(anonymous_37)
FNDA:2,(anonymous_38)
FNDA:2,(anonymous_39)
FNDA:2,(anonymous_40)
FNDA:0,(anonymous_41)
FNDA:0,(anonymous_42)
FNDA:0,(anonymous_43)
FNDA:1,(anonymous_44)
FNDA:0,(anonymous_45)
FNDA:0,(anonymous_46)
FNDA:0,(anonymous_47)
FNDA:0,(anonymous_48)
FNDA:0,(anonymous_49)
FNDA:0,(anonymous_50)
FNDA:0,(anonymous_51)
FNDA:2,(anonymous_52)
FNDA:2,(anonymous_53)
FNDA:2,(anonymous_54)
FNDA:4,(anonymous_55)
FNDA:1,(anonymous_56)
FNDA:1,(anonymous_57)
FNDA:1,(anonymous_58)
FNDA:2,(anonymous_59)
FNDA:1,(anonymous_60)
FNDA:1,(anonymous_61)
FNDA:37,(anonymous_62)
FNDA:0,(anonymous_63)
FNDA:0,(anonymous_64)
FNDA:0,(anonymous_65)
FNDA:0,(anonymous_66)
FNDA:0,(anonymous_67)
FNDA:0,(anonymous_68)
FNDA:0,(anonymous_69)
FNDA:0,(anonymous_70)
FNDA:0,(anonymous_71)
FNDA:0,(anonymous_72)
FNDA:0,(anonymous_73)
FNDA:0,(anonymous_74)
FNDA:0,(anonymous_75)
FNDA:0,(anonymous_76)
FNDA:0,(anonymous_77)
FNDA:0,(anonymous_78)
FNDA:0,(anonymous_79)
FNDA:0,(anonymous_80)
FNDA:2,(anonymous_81)
FNDA:0,(anonymous_82)
FNDA:0,(anonymous_83)
FNDA:0,(anonymous_84)
FNDA:1,(anonymous_85)
FNDA:1,(anonymous_86)
FNDA:0,(anonymous_87)
FNDA:0,(anonymous_88)
FNDA:0,(anonymous_89)
FNDA:0,(anonymous_90)
FNDA:1,(anonymous_91)
FNDA:0,(anonymous_92)
FNDA:115,(anonymous_93)
FNDA:2,(anonymous_94)
FNDA:2,(anonymous_95)
FNDA:0,(anonymous_96)
FNDA:0,(anonymous_97)
FNDA:5,(anonymous_98)
FNDA:2,(anonymous_99)
FNDA:0,(anonymous_100)
FNDA:0,(anonymous_101)
FNDA:0,(anonymous_102)
FNDA:0,(anonymous_103)
FNDA:0,(anonymous_104)
FNDA:0,(anonymous_105)
FNDA:0,(anonymous_106)
DA:20,11
DA:21,11
DA:22,11
DA:23,11
DA:24,11
DA:25,11
DA:27,11
DA:28,0
DA:29,0
DA:30,0
DA:31,0
DA:33,0
DA:36,11
DA:37,208
DA:38,208
DA:39,208
DA:40,208
DA:41,208
DA:43,208
DA:44,352
DA:45,520
DA:48,208
DA:51,11
DA:52,193
DA:53,193
DA:54,206
DA:55,518
DA:56,518
DA:59,193
DA:62,11
DA:63,0
DA:64,0
DA:67,11
DA:68,0
DA:69,0
DA:72,11
DA:73,0
DA:74,0
DA:75,0
DA:79,11
DA:80,0
DA:81,0
DA:86,11
DA:87,0
DA:88,0
DA:91,11
DA:92,0
DA:93,0
DA:96,11
DA:97,0
DA:98,0
DA:102,0
DA:103,0
DA:105,0
DA:116,11
DA:117,2
DA:118,2
DA:119,2
DA:120,2
DA:121,2
DA:122,2
DA:123,0
DA:124,0
DA:126,2
DA:131,11
DA:167,85
DA:168,85
DA:169,85
DA:170,85
DA:171,85
DA:172,85
DA:173,85
DA:174,85
DA:175,85
DA:176,85
DA:177,85
DA:178,85
DA:179,85
DA:180,85
DA:181,85
DA:184,85
DA:185,34
DA:188,34
DA:189,98
DA:190,34
DA:194,85
DA:195,71
DA:196,3
DA:197,3
DA:202,85
DA:203,3
DA:204,3
DA:207,85
DA:208,85
DA:209,85
DA:210,85
DA:211,85
DA:212,85
DA:213,85
DA:214,85
DA:216,85
DA:218,85
DA:219,34
DA:222,85
DA:223,71
DA:224,103
DA:225,71
DA:229,85
DA:230,38
DA:231,35
DA:232,35
DA:234,35
DA:235,35
DA:237,35
DA:238,35
DA:240,35
DA:241,35
DA:242,35
DA:244,35
DA:247,35
DA:248,35
DA:249,35
DA:253,85
DA:254,34
DA:255,1
DA:256,1
DA:258,1
DA:259,1
DA:260,0
DA:261,0
DA:269,0
DA:273,34
DA:274,34
DA:277,85
DA:278,3
DA:279,3
DA:282,85
DA:283,2
DA:284,2
DA:287,85
DA:288,2
DA:292,85
DA:293,2
DA:294,1
DA:295,1
DA:296,1
DA:297,0
DA:298,0
DA:299,0
DA:302,1
DA:305,85
DA:307,85
DA:308,1
DA:309,1
DA:310,1
DA:313,0
DA:314,0
DA:315,0
DA:316,1
DA:317,1
DA:318,1
DA:336,1
DA:337,0
DA:338,0
DA:342,0
DA:343,0
DA:344,0
DA:345,0
DA:346,0
DA:350,0
DA:351,0
DA:365,0
DA:366,0
DA:367,0
DA:368,0
DA:370,0
DA:372,0
DA:374,0
DA:375,0
DA:376,0
DA:377,0
DA:382,85
DA:383,0
DA:384,0
DA:385,0
DA:388,85
DA:389,2
DA:390,2
DA:391,2
DA:392,2
DA:393,2
DA:394,4
DA:395,2
DA:396,2
DA:397,2
DA:401,85
DA:402,1
DA:403,1
DA:405,1
DA:406,1
DA:408,1
DA:409,1
DA:411,1
DA:412,2
DA:413,1
DA:414,1
DA:417,1
DA:419,0
DA:420,0
DA:424,85
DA:425,1
DA:426,1
DA:427,1
DA:430,85
DA:431,37
DA:433,0
DA:434,0
DA:435,0
DA:436,0
DA:437,0
DA:438,0
DA:439,0
DA:440,0
DA:441,0
DA:442,0
DA:445,0
DA:446,0
DA:447,0
DA:448,0
DA:450,0
DA:451,0
DA:456,0
DA:457,0
DA:460,85
DA:461,0
DA:462,0
DA:463,0
DA:464,0
DA:467,0
DA:468,0
DA:469,0
DA:471,0
DA:472,0
DA:473,0
DA:474,0
DA:475,0
DA:478,0
DA:479,0
DA:480,0
DA:481,0
DA:483,0
DA:484,0
DA:487,0
DA:489,0
DA:495,0
DA:496,0
DA:499,0
DA:500,0
DA:502,0
DA:505,0
DA:507,0
DA:508,0
DA:518,0
DA:519,0
DA:521,0
DA:533,0
DA:534,0
DA:535,0
DA:544,0
DA:545,0
DA:551,0
DA:552,0
DA:554,0
DA:558,85
DA:559,0
DA:560,0
DA:561,0
DA:564,0
DA:565,0
DA:566,0
DA:568,0
DA:569,0
DA:578,0
DA:579,0
DA:580,0
DA:581,0
DA:582,0
DA:584,0
DA:585,0
DA:587,0
DA:588,0
DA:589,0
DA:590,0
DA:600,0
DA:616,0
DA:617,0
DA:619,0
DA:620,0
DA:621,0
DA:636,0
DA:638,0
DA:639,0
DA:640,0
DA:642,0
DA:646,85
DA:656,0
DA:657,0
DA:660,0
DA:661,0
DA:663,0
DA:664,0
DA:678,0
DA:680,0
DA:681,0
DA:682,0
DA:685,0
DA:686,0
DA:687,0
DA:690,0
DA:694,85
DA:696,2
DA:698,85
DA:723,0
DA:724,0
DA:727,0
DA:728,0
DA:729,0
DA:730,0
DA:732,0
DA:739,1
DA:740,1
DA:741,1
DA:742,1
DA:744,1
DA:745,1
DA:747,0
DA:749,0
DA:750,0
DA:751,0
DA:752,0
DA:769,0
DA:771,1
DA:772,1
DA:773,1
DA:774,1
DA:775,1
DA:777,1
DA:778,1
DA:779,1
DA:802,0
DA:803,0
DA:839,115
DA:841,115
DA:842,2
DA:843,2
DA:844,2
DA:846,2
DA:847,2
DA:851,115
DA:852,0
DA:853,0
DA:854,0
DA:856,0
DA:859,115
DA:860,5
DA:861,2
DA:862,3
DA:863,2
DA:864,2
DA:865,2
DA:869,115
DA:870,0
DA:886,115
DA:914,0
DA:915,0
DA:916,0
DA:917,0
DA:920,0
DA:921,0
DA:922,0
DA:924,0
DA:925,0
DA:928,0
DA:929,0
DA:937,0
DA:938,0
DA:949,0
DA:950,0
DA:951,0
LF:389
LH:194
BRDA:33,0,0,0
BRDA:33,0,1,0
BRDA:33,0,2,0
BRDA:33,0,3,0
BRDA:36,1,0,208
BRDA:55,2,0,362
BRDA:55,2,1,156
BRDA:63,3,0,0
BRDA:63,3,1,0
BRDA:69,4,0,0
BRDA:69,4,1,0
BRDA:73,5,0,0
BRDA:73,5,1,0
BRDA:75,6,0,0
BRDA:75,6,1,0
BRDA:75,6,2,0
BRDA:80,7,0,0
BRDA:80,7,1,0
BRDA:81,8,0,0
BRDA:81,8,1,0
BRDA:87,9,0,0
BRDA:87,9,1,0
BRDA:88,10,0,0
BRDA:88,10,1,0
BRDA:92,11,0,0
BRDA:92,11,1,0
BRDA:92,12,0,0
BRDA:92,12,1,0
BRDA:93,13,0,0
BRDA:93,13,1,0
BRDA:97,14,0,0
BRDA:97,14,1,0
BRDA:98,15,0,0
BRDA:98,15,1,0
BRDA:102,16,0,0
BRDA:102,16,1,0
BRDA:120,17,0,0
BRDA:120,17,1,2
BRDA:122,18,0,2
BRDA:122,18,1,0
BRDA:122,19,0,2
BRDA:122,19,1,0
BRDA:124,20,0,0
BRDA:124,20,1,0
BRDA:138,21,0,0
BRDA:138,21,1,0
BRDA:156,22,0,85
BRDA:157,23,0,85
BRDA:159,24,0,85
BRDA:160,25,0,85
BRDA:161,26,0,85
BRDA:163,27,0,85
BRDA:164,28,0,85
BRDA:165,29,0,85
BRDA:195,30,0,3
BRDA:195,30,1,68
BRDA:209,31,0,21
BRDA:209,31,1,64
BRDA:210,32,0,21
BRDA:210,32,1,64
BRDA:219,33,0,33
BRDA:219,33,1,1
BRDA:230,34,0,3
BRDA:230,34,1,35
BRDA:232,35,0,0
BRDA:232,35,1,35
BRDA:235,36,0,0
BRDA:235,36,1,35
BRDA:255,37,0,1
BRDA:255,37,1,0
BRDA:255,38,0,1
BRDA:255,38,1,0
BRDA:255,38,2,1
BRDA:259,39,0,1
BRDA:259,39,1,0
BRDA:293,40,0,1
BRDA:293,40,1,1
BRDA:295,41,0,0
BRDA:295,41,1,1
BRDA:308,42,0,1
BRDA:308,42,1,0
BRDA:308,43,0,1
BRDA:308,43,1,0
BRDA:315,44,0,0
BRDA:315,44,1,0
BRDA:316,45,0,1
BRDA:316,45,1,0
BRDA:317,46,0,1
BRDA:317,46,1,0
BRDA:329,47,0,1
BRDA:329,47,1,0
BRDA:336,48,0,0
BRDA:336,48,1,1
BRDA:353,49,0,0
BRDA:353,49,1,0
BRDA:366,50,0,0
BRDA:366,50,1,0
BRDA:384,51,0,0
BRDA:384,51,1,0
BRDA:391,52,0,0
BRDA:391,52,1,2
BRDA:393,53,0,0
BRDA:393,53,1,2
BRDA:394,54,0,2
BRDA:394,54,1,2
BRDA:403,55,0,0
BRDA:403,55,1,1
BRDA:417,56,0,0
BRDA:417,56,1,1
BRDA:419,57,0,0
BRDA:419,57,1,0
BRDA:431,58,0,37
BRDA:431,58,1,0
BRDA:431,59,0,37
BRDA:431,59,1,10
BRDA:439,60,0,0
BRDA:439,60,1,0
BRDA:441,61,0,0
BRDA:441,61,1,0
BRDA:445,62,0,0
BRDA:445,62,1,0
BRDA:447,63,0,0
BRDA:447,63,1,0
BRDA:450,64,0,0
BRDA:450,64,1,0
BRDA:461,65,0,0
BRDA:461,65,1,0
BRDA:462,66,0,0
BRDA:462,66,1,0
BRDA:475,67,0,0
BRDA:475,67,1,0
BRDA:476,68,0,0
BRDA:476,68,1,0
BRDA:480,69,0,0
BRDA:480,69,1,0
BRDA:481,70,0,0
BRDA:481,70,1,0
BRDA:483,71,0,0
BRDA:483,71,1,0
BRDA:500,72,0,0
BRDA:500,72,1,0
BRDA:519,73,0,0
BRDA:519,73,1,0
BRDA:523,74,0,0
BRDA:523,74,1,0
BRDA:524,75,0,0
BRDA:524,75,1,0
BRDA:524,76,0,0
BRDA:524,76,1,0
BRDA:534,77,0,0
BRDA:534,77,1,0
BRDA:538,78,0,0
BRDA:538,78,1,0
BRDA:544,79,0,0
BRDA:544,79,1,0
BRDA:546,80,0,0
BRDA:546,80,1,0
BRDA:547,81,0,0
BRDA:547,81,1,0
BRDA:551,82,0,0
BRDA:551,82,1,0
BRDA:559,83,0,0
BRDA:559,83,1,0
BRDA:560,84,0,0
BRDA:560,84,1,0
BRDA:572,85,0,0
BRDA:572,85,1,0
BRDA:573,86,0,0
BRDA:573,86,1,0
BRDA:574,87,0,0
BRDA:574,87,1,0
BRDA:585,88,0,0
BRDA:585,88,1,0
BRDA:589,89,0,0
BRDA:589,89,1,0
BRDA:617,90,0,0
BRDA:617,90,1,0
BRDA:638,91,0,0
BRDA:638,91,1,0
BRDA:656,92,0,0
BRDA:656,92,1,0
BRDA:663,93,0,0
BRDA:663,93,1,0
BRDA:664,94,0,0
BRDA:664,94,1,0
BRDA:681,95,0,0
BRDA:681,95,1,0
BRDA:686,96,0,0
BRDA:686,96,1,0
BRDA:686,97,0,0
BRDA:686,97,1,0
BRDA:690,98,0,0
BRDA:690,98,1,0
BRDA:694,99,0,83
BRDA:694,99,1,2
BRDA:696,100,0,2
BRDA:696,100,1,0
BRDA:708,101,0,85
BRDA:708,101,1,64
BRDA:719,102,0,85
BRDA:719,102,1,25
BRDA:723,103,0,0
BRDA:723,103,1,0
BRDA:727,104,0,0
BRDA:727,104,1,0
BRDA:739,105,0,0
BRDA:739,105,1,1
BRDA:749,106,0,0
BRDA:749,106,1,0
BRDA:760,107,0,64
BRDA:760,107,1,21
BRDA:766,108,0,4
BRDA:766,108,1,81
BRDA:769,109,0,0
BRDA:769,109,1,60
BRDA:770,110,0,1
BRDA:770,110,1,60
BRDA:773,111,0,0
BRDA:773,111,1,1
BRDA:802,112,0,0
BRDA:802,112,1,0
BRDA:803,113,0,0
BRDA:803,113,1,0
BRDA:815,114,0,85
BRDA:815,114,1,2
BRDA:826,115,0,85
BRDA:826,115,1,83
BRDA:826,115,2,4
BRDA:832,116,0,85
BRDA:832,116,1,83
BRDA:832,116,2,79
BRDA:832,116,3,48
BRDA:841,117,0,2
BRDA:841,117,1,14
BRDA:841,118,0,115
BRDA:841,118,1,90
BRDA:846,119,0,2
BRDA:846,119,1,0
BRDA:851,120,0,0
BRDA:851,120,1,90
BRDA:860,121,0,2
BRDA:860,121,1,3
BRDA:861,122,0,0
BRDA:861,122,1,2
BRDA:862,123,0,2
BRDA:862,123,1,1
BRDA:869,124,0,0
BRDA:869,124,1,115
BRDA:874,125,0,0
BRDA:874,125,1,0
BRDA:890,126,0,115
BRDA:890,126,1,114
BRDA:907,127,0,85
BRDA:907,127,1,2
BRDA:913,128,0,0
BRDA:913,128,1,2
BRDA:919,129,0,0
BRDA:919,129,1,2
BRDA:922,130,0,0
BRDA:922,130,1,0
BRDA:927,131,0,0
BRDA:927,131,1,2
BRDA:940,132,0,0
BRDA:940,132,1,2
BRDA:942,133,0,0
BRDA:942,133,1,2
BRDA:947,134,0,0
BRDA:947,134,1,2
BRDA:948,135,0,0
BRDA:948,135,1,2
BRF:270
BRH:96
end_of_record
TN:
SF:src\components\LogOutButton.tsx
FN:14,LogoutButton
FN:25,(anonymous_1)
FN:32,(anonymous_2)
FNF:3
FNH:2
FNDA:13,LogoutButton
FNDA:1,(anonymous_1)
FNDA:0,(anonymous_2)
DA:15,13
DA:16,13
DA:17,13
DA:18,13
DA:19,13
DA:21,13
DA:22,4
DA:25,9
DA:26,1
DA:27,1
DA:29,1
DA:30,1
DA:31,1
DA:32,1
DA:35,9
LF:15
LH:15
BRDA:14,0,0,13
BRDA:21,1,0,4
BRDA:21,1,1,9
BRDA:21,2,0,13
BRDA:21,2,1,12
BRDA:26,3,0,1
BRDA:26,3,1,0
BRDA:37,4,0,1
BRDA:37,4,1,8
BRDA:44,5,0,0
BRDA:44,5,1,1
BRDA:58,6,0,1
BRDA:58,6,1,7
BRF:13
BRH:11
end_of_record
TN:
SF:src\components\MachineModal.tsx
FN:16,(anonymous_0)
FN:58,MachineModal
FN:89,(anonymous_2)
FN:92,(anonymous_3)
FN:92,(anonymous_4)
FN:95,(anonymous_5)
FN:100,(anonymous_6)
FN:105,(anonymous_7)
FN:111,(anonymous_8)
FN:114,(anonymous_9)
FN:119,(anonymous_10)
FN:124,(anonymous_11)
FN:130,(anonymous_12)
FN:137,(anonymous_13)
FN:151,(anonymous_14)
FN:178,(anonymous_15)
FN:185,(anonymous_16)
FN:195,(anonymous_17)
FN:205,(anonymous_18)
FN:253,(anonymous_19)
FN:269,(anonymous_20)
FN:295,(anonymous_21)
FN:301,(anonymous_22)
FN:322,(anonymous_23)
FN:333,(anonymous_24)
FN:338,(anonymous_25)
FN:352,(anonymous_26)
FN:357,(anonymous_27)
FN:378,(anonymous_28)
FN:400,(anonymous_29)
FN:428,(anonymous_30)
FN:442,(anonymous_31)
FN:442,(anonymous_32)
FN:449,(anonymous_33)
FN:462,(anonymous_34)
FN:470,(anonymous_35)
FNF:36
FNH:27
FNDA:49,(anonymous_0)
FNDA:49,MachineModal
FNDA:25,(anonymous_2)
FNDA:25,(anonymous_3)
FNDA:24,(anonymous_4)
FNDA:36,(anonymous_5)
FNDA:36,(anonymous_6)
FNDA:22,(anonymous_7)
FNDA:72,(anonymous_8)
FNDA:49,(anonymous_9)
FNDA:36,(anonymous_10)
FNDA:1,(anonymous_11)
FNDA:4,(anonymous_12)
FNDA:25,(anonymous_13)
FNDA:11,(anonymous_14)
FNDA:0,(anonymous_15)
FNDA:320,(anonymous_16)
FNDA:0,(anonymous_17)
FNDA:0,(anonymous_18)
FNDA:0,(anonymous_19)
FNDA:94,(anonymous_20)
FNDA:0,(anonymous_21)
FNDA:32,(anonymous_22)
FNDA:3,(anonymous_23)
FNDA:32,(anonymous_24)
FNDA:3,(anonymous_25)
FNDA:26,(anonymous_26)
FNDA:1,(anonymous_27)
FNDA:0,(anonymous_28)
FNDA:0,(anonymous_29)
FNDA:0,(anonymous_30)
FNDA:1,(anonymous_31)
FNDA:1,(anonymous_32)
FNDA:0,(anonymous_33)
FNDA:2,(anonymous_34)
FNDA:2,(anonymous_35)
DA:11,14
DA:16,14
DA:17,49
DA:79,49
DA:80,49
DA:81,49
DA:82,49
DA:84,49
DA:85,49
DA:86,49
DA:88,49
DA:89,49
DA:90,49
DA:91,49
DA:92,25
DA:95,49
DA:99,49
DA:100,36
DA:105,22
DA:110,49
DA:111,72
DA:114,49
DA:115,49
DA:116,13
DA:117,13
DA:119,36
DA:120,12
DA:124,49
DA:125,1
DA:126,1
DA:127,1
DA:130,49
DA:131,4
DA:134,49
DA:137,49
DA:138,25
DA:141,49
DA:151,11
DA:178,0
DA:186,320
DA:195,0
DA:205,0
DA:253,0
DA:270,94
DA:295,0
DA:302,32
DA:322,3
DA:334,32
DA:338,3
DA:353,26
DA:357,1
DA:378,0
DA:400,0
DA:428,0
DA:442,1
DA:449,0
DA:462,2
DA:470,2
LF:58
LH:49
BRDA:18,0,0,1
BRDA:18,0,1,48
BRDA:61,1,0,49
BRDA:62,2,0,49
BRDA:69,3,0,49
BRDA:70,4,0,49
BRDA:71,5,0,49
BRDA:72,6,0,49
BRDA:75,7,0,49
BRDA:76,8,0,49
BRDA:77,9,0,49
BRDA:84,10,0,49
BRDA:84,10,1,33
BRDA:88,11,0,49
BRDA:88,11,1,13
BRDA:90,12,0,49
BRDA:90,12,1,2
BRDA:92,13,0,25
BRDA:92,13,1,13
BRDA:97,14,0,36
BRDA:97,14,1,0
BRDA:97,14,2,0
BRDA:99,15,0,36
BRDA:99,15,1,13
BRDA:105,16,0,13
BRDA:105,16,1,2
BRDA:110,17,0,49
BRDA:110,17,1,13
BRDA:115,18,0,13
BRDA:115,18,1,36
BRDA:116,19,0,0
BRDA:116,19,1,13
BRDA:119,20,0,12
BRDA:119,20,1,24
BRDA:126,21,0,0
BRDA:126,21,1,1
BRDA:126,22,0,1
BRDA:126,22,1,1
BRDA:143,23,0,1
BRDA:143,23,1,48
BRDA:143,24,0,32
BRDA:143,24,1,17
BRDA:163,25,0,49
BRDA:163,25,1,1
BRDA:169,26,0,32
BRDA:169,26,1,17
BRDA:190,27,0,0
BRDA:190,27,1,320
BRDA:204,28,0,32
BRDA:204,28,1,0
BRDA:210,29,0,32
BRDA:210,29,1,0
BRDA:214,30,0,32
BRDA:214,30,1,0
BRDA:230,31,0,49
BRDA:230,31,1,0
BRDA:240,32,0,32
BRDA:240,32,1,17
BRDA:241,33,0,32
BRDA:241,33,1,17
BRDA:246,34,0,32
BRDA:246,34,1,17
BRDA:252,35,0,32
BRDA:252,35,1,0
BRDA:253,36,0,0
BRDA:253,36,1,0
BRDA:259,37,0,17
BRDA:259,37,1,2
BRDA:266,38,0,47
BRDA:266,38,1,2
BRDA:267,39,0,49
BRDA:267,39,1,2
BRDA:287,40,0,32
BRDA:287,40,1,17
BRDA:298,41,0,0
BRDA:298,41,1,32
BRDA:312,42,0,32
BRDA:312,42,1,21
BRDA:329,43,0,0
BRDA:329,43,1,32
BRDA:348,44,0,2
BRDA:348,44,1,15
BRDA:371,45,0,32
BRDA:371,45,1,17
BRDA:377,46,0,32
BRDA:377,46,1,32
BRDA:378,47,0,0
BRDA:378,47,1,0
BRDA:384,48,0,17
BRDA:384,48,1,17
BRDA:391,49,0,49
BRDA:391,49,1,32
BRDA:399,50,0,32
BRDA:399,50,1,32
BRDA:400,51,0,0
BRDA:400,51,1,0
BRDA:410,52,0,49
BRDA:410,52,1,17
BRDA:418,53,0,49
BRDA:418,53,1,33
BRDA:434,54,0,33
BRDA:434,54,1,0
BRDA:435,55,0,33
BRDA:435,55,1,33
BRDA:435,55,2,0
BRDA:444,56,0,1
BRDA:444,56,1,32
BRDA:452,57,0,2
BRDA:452,57,1,31
BRF:109
BRH:89
end_of_record
TN:
SF:src\components\ProfileButton.tsx
FN:14,ProfileButton
FN:21,(anonymous_1)
FN:31,(anonymous_2)
FN:38,(anonymous_3)
FN:52,(anonymous_4)
FNF:5
FNH:3
FNDA:93,ProfileButton
FNDA:2,(anonymous_1)
FNDA:0,(anonymous_2)
FNDA:0,(anonymous_3)
FNDA:2,(anonymous_4)
DA:15,93
DA:16,93
DA:17,93
DA:18,93
DA:19,93
DA:21,93
DA:22,2
DA:23,2
DA:25,2
DA:26,1
DA:28,1
DA:30,2
DA:31,2
DA:34,93
DA:38,0
DA:52,2
LF:16
LH:15
BRDA:14,0,0,93
BRDA:22,1,0,2
BRDA:22,1,1,0
BRDA:25,2,0,1
BRDA:25,2,1,1
BRDA:36,3,0,85
BRDA:36,3,1,8
BRDA:43,4,0,0
BRDA:43,4,1,85
BRDA:57,5,0,2
BRDA:57,5,1,6
BRF:11
BRH:9
end_of_record
TN:
SF:src\components\SearchBar.tsx
FN:11,defaultFilter
FN:15,defaultRenderItem
FN:23,SearchBar
FN:35,(anonymous_3)
FN:38,(anonymous_4)
FN:39,(anonymous_5)
FN:45,(anonymous_6)
FN:54,(anonymous_7)
FN:55,(anonymous_8)
FN:60,(anonymous_9)
FN:64,(anonymous_10)
FNF:11
FNH:11
FNDA:41,defaultFilter
FNDA:9,defaultRenderItem
FNDA:30,SearchBar
FNDA:47,(anonymous_3)
FNDA:14,(anonymous_4)
FNDA:4,(anonymous_5)
FNDA:14,(anonymous_6)
FNDA:11,(anonymous_7)
FNDA:1,(anonymous_8)
FNDA:12,(anonymous_9)
FNDA:2,(anonymous_10)
DA:12,41
DA:16,9
DA:30,30
DA:31,30
DA:32,30
DA:34,30
DA:35,47
DA:38,30
DA:39,14
DA:40,4
DA:41,2
DA:44,14
DA:45,14
DA:48,30
DA:54,11
DA:55,1
DA:61,12
DA:65,2
DA:66,2
DA:67,2
LF:20
LH:20
BRDA:26,0,0,30
BRDA:27,1,0,30
BRDA:28,2,0,30
BRDA:34,3,0,16
BRDA:34,3,1,14
BRDA:40,4,0,2
BRDA:40,4,1,2
BRDA:40,5,0,4
BRDA:40,5,1,4
BRDA:58,6,0,30
BRDA:58,6,1,12
BRDA:58,6,2,11
BRDA:75,7,0,30
BRDA:75,7,1,12
BRDA:75,7,2,12
BRDA:75,7,3,1
BRF:16
BRH:16
end_of_record
TN:
SF:src\components\ThemeToggle.tsx
FN:12,ThemeToggle
FN:21,(anonymous_1)
FN:25,(anonymous_2)
FN:44,(anonymous_3)
FN:48,(anonymous_4)
FNF:5
FNH:3
FNDA:97,ThemeToggle
FNDA:1,(anonymous_1)
FNDA:0,(anonymous_2)
FNDA:1,(anonymous_3)
FNDA:0,(anonymous_4)
DA:13,97
DA:14,97
DA:15,97
DA:17,97
DA:22,1
DA:23,1
DA:24,1
DA:25,1
DA:45,1
DA:46,1
DA:47,1
DA:48,1
LF:12
LH:12
BRDA:12,0,0,97
BRDA:19,1,0,89
BRDA:19,1,1,7
BRDA:31,2,0,1
BRDA:31,2,1,88
BRDA:35,3,0,84
BRDA:35,3,1,5
BRDA:54,4,0,1
BRDA:54,4,1,6
BRDA:58,5,0,6
BRDA:58,5,1,1
BRF:11
BRH:11
end_of_record
TN:
SF:src\components\Tile.tsx
FN:6,lightenColor
FN:20,Tile
FN:36,(anonymous_2)
FN:53,(anonymous_3)
FN:62,(anonymous_4)
FN:76,(anonymous_5)
FN:91,(anonymous_6)
FN:94,(anonymous_7)
FN:176,(anonymous_8)
FN:203,(anonymous_9)
FN:245,(anonymous_10)
FN:264,(anonymous_11)
FN:269,(anonymous_12)
FNF:13
FNH:13
FNDA:44,lightenColor
FNDA:160,Tile
FNDA:46,(anonymous_2)
FNDA:110,(anonymous_3)
FNDA:5,(anonymous_4)
FNDA:10,(anonymous_5)
FNDA:147,(anonymous_6)
FNDA:13,(anonymous_7)
FNDA:13,(anonymous_8)
FNDA:24,(anonymous_9)
FNDA:1,(anonymous_10)
FNDA:488,(anonymous_11)
FNDA:10,(anonymous_12)
DA:7,44
DA:8,44
DA:9,44
DA:10,44
DA:11,44
DA:12,44
DA:13,44
DA:14,44
DA:36,46
DA:40,160
DA:41,160
DA:42,160
DA:43,160
DA:44,160
DA:47,160
DA:48,160
DA:49,160
DA:50,160
DA:53,160
DA:54,110
DA:55,110
DA:56,110
DA:57,110
DA:60,160
DA:62,160
DA:63,5
DA:64,3
DA:65,3
DA:67,3
DA:68,3
DA:76,160
DA:77,10
DA:78,10
DA:80,10
DA:81,10
DA:91,160
DA:92,147
DA:94,24
DA:95,13
DA:96,3
DA:97,3
DA:98,3
DA:99,3
DA:102,3
DA:103,3
DA:105,3
DA:106,1
DA:109,2
DA:110,2
DA:111,10
DA:112,10
DA:113,10
DA:115,10
DA:116,10
DA:117,10
DA:118,10
DA:119,10
DA:121,10
DA:123,10
DA:125,3
DA:126,3
DA:128,1
DA:129,1
DA:130,1
DA:132,1
DA:133,1
DA:135,1
DA:136,1
DA:137,1
DA:139,1
DA:140,1
DA:141,1
DA:143,1
DA:144,1
DA:145,1
DA:146,1
DA:148,1
DA:149,1
DA:150,1
DA:151,1
DA:153,1
DA:154,1
DA:155,1
DA:156,1
DA:157,1
DA:160,10
DA:161,10
DA:162,10
DA:163,10
DA:165,10
DA:166,1
DA:169,9
DA:170,9
DA:171,9
DA:172,9
DA:176,24
DA:178,13
DA:179,13
DA:180,3
DA:181,3
DA:182,2
DA:184,10
DA:185,10
DA:186,10
DA:187,9
DA:196,13
DA:197,13
DA:200,24
DA:201,24
DA:203,24
DA:204,24
DA:205,24
DA:209,160
DA:220,160
DA:246,1
DA:247,1
DA:248,0
DA:249,0
DA:251,1
DA:252,1
DA:265,488
DA:269,10
LF:122
LH:120
BRDA:31,0,0,160
BRDA:34,1,0,160
BRDA:35,2,0,160
BRDA:36,3,0,46
BRDA:37,4,0,160
BRDA:38,5,0,160
BRDA:63,6,0,2
BRDA:63,6,1,3
BRDA:63,7,0,5
BRDA:63,7,1,2
BRDA:63,7,2,4
BRDA:77,8,0,0
BRDA:77,8,1,10
BRDA:77,9,0,10
BRDA:77,9,1,10
BRDA:92,10,0,123
BRDA:92,10,1,24
BRDA:92,11,0,147
BRDA:92,11,1,142
BRDA:95,12,0,3
BRDA:95,12,1,10
BRDA:98,13,0,3
BRDA:98,13,1,0
BRDA:98,14,0,3
BRDA:98,14,1,0
BRDA:105,15,0,1
BRDA:105,15,1,2
BRDA:105,16,0,3
BRDA:105,16,1,1
BRDA:111,17,0,10
BRDA:111,17,1,0
BRDA:123,18,0,3
BRDA:123,18,1,1
BRDA:123,18,2,1
BRDA:123,18,3,1
BRDA:123,18,4,1
BRDA:123,18,5,1
BRDA:123,18,6,1
BRDA:123,18,7,1
BRDA:165,19,0,1
BRDA:165,19,1,9
BRDA:165,20,0,10
BRDA:165,20,1,1
BRDA:178,21,0,13
BRDA:178,21,1,0
BRDA:179,22,0,3
BRDA:179,22,1,10
BRDA:180,23,0,3
BRDA:180,23,1,1
BRDA:181,24,0,2
BRDA:181,24,1,1
BRDA:184,25,0,10
BRDA:184,25,1,0
BRDA:185,26,0,10
BRDA:185,26,1,7
BRDA:185,26,2,5
BRDA:185,26,3,2
BRDA:186,27,0,9
BRDA:186,27,1,1
BRDA:231,28,0,66
BRDA:231,28,1,94
BRDA:231,29,0,160
BRDA:231,29,1,66
BRDA:232,30,0,87
BRDA:232,30,1,73
BRDA:232,31,0,160
BRDA:232,31,1,153
BRDA:233,32,0,1
BRDA:233,32,1,159
BRDA:234,33,0,116
BRDA:234,33,1,44
BRDA:237,34,0,37
BRDA:237,34,1,123
BRDA:237,35,0,160
BRDA:237,35,1,152
BRDA:238,36,0,37
BRDA:238,36,1,123
BRDA:238,37,0,160
BRDA:238,37,1,152
BRDA:239,38,0,37
BRDA:239,38,1,123
BRDA:239,39,0,160
BRDA:239,39,1,152
BRDA:240,40,0,37
BRDA:240,40,1,123
BRDA:240,41,0,160
BRDA:240,41,1,152
BRDA:242,42,0,44
BRDA:242,42,1,116
BRDA:245,43,0,1
BRDA:245,43,1,93
BRDA:246,44,0,0
BRDA:246,44,1,1
BRDA:246,45,0,1
BRDA:246,45,1,1
BRDA:247,46,0,0
BRDA:247,46,1,1
BRDA:258,47,0,72
BRDA:258,47,1,88
BRDA:259,48,0,160
BRDA:259,48,1,66
BRDA:262,49,0,160
BRDA:262,49,1,0
BRDA:264,50,0,160
BRDA:264,50,1,66
BRDA:264,50,2,61
BRF:106
BRH:97
end_of_record
TN:
SF:src\components\TileInfoCard.tsx
FN:10,TileInfoCard
FN:30,(anonymous_1)
FNF:2
FNH:2
FNDA:10,TileInfoCard
FNDA:2,(anonymous_1)
DA:11,10
DA:12,10
DA:13,10
DA:15,10
DA:16,10
DA:18,10
DA:19,10
DA:21,10
DA:26,10
DA:30,2
LF:10
LH:10
BRDA:44,0,0,10
BRDA:44,0,1,7
BRDA:49,1,0,10
BRDA:49,1,1,7
BRF:4
BRH:4
end_of_record
TN:
SF:src\components\ToggleSwitch.tsx
FN:10,(anonymous_0)
FN:19,(anonymous_1)
FNF:2
FNH:2
FNDA:13,(anonymous_0)
FNDA:2,(anonymous_1)
DA:10,14
DA:11,13
DA:13,13
DA:20,2
DA:21,2
LF:5
LH:5
BRDA:10,0,0,13
BRDA:28,1,0,6
BRDA:28,1,1,7
BRDA:28,2,0,13
BRDA:28,2,1,12
BRDA:35,3,0,7
BRDA:35,3,1,6
BRF:7
BRH:7
end_of_record
TN:
SF:src\components\WallTile.tsx
FN:14,WallTile
FN:26,(anonymous_1)
FN:41,(anonymous_2)
FN:48,(anonymous_3)
FN:56,(anonymous_4)
FN:63,(anonymous_5)
FN:66,(anonymous_6)
FN:119,(anonymous_7)
FN:133,(anonymous_8)
FN:145,(anonymous_9)
FN:190,(anonymous_10)
FN:221,(anonymous_11)
FN:237,(anonymous_12)
FNF:13
FNH:0
FNDA:0,WallTile
FNDA:0,(anonymous_1)
FNDA:0,(anonymous_2)
FNDA:0,(anonymous_3)
FNDA:0,(anonymous_4)
FNDA:0,(anonymous_5)
FNDA:0,(anonymous_6)
FNDA:0,(anonymous_7)
FNDA:0,(anonymous_8)
FNDA:0,(anonymous_9)
FNDA:0,(anonymous_10)
FNDA:0,(anonymous_11)
FNDA:0,(anonymous_12)
DA:5,10
DA:6,10
DA:26,0
DA:30,0
DA:31,0
DA:32,0
DA:33,0
DA:34,0
DA:36,0
DA:37,0
DA:38,0
DA:39,0
DA:41,0
DA:42,0
DA:43,0
DA:44,0
DA:45,0
DA:48,0
DA:49,0
DA:50,0
DA:51,0
DA:52,0
DA:53,0
DA:56,0
DA:57,0
DA:58,0
DA:59,0
DA:60,0
DA:63,0
DA:64,0
DA:66,0
DA:67,0
DA:68,0
DA:69,0
DA:70,0
DA:72,0
DA:73,0
DA:75,0
DA:77,0
DA:78,0
DA:79,0
DA:80,0
DA:81,0
DA:82,0
DA:83,0
DA:85,0
DA:87,0
DA:88,0
DA:89,0
DA:90,0
DA:92,0
DA:93,0
DA:94,0
DA:96,0
DA:97,0
DA:99,0
DA:101,0
DA:102,0
DA:104,0
DA:105,0
DA:107,0
DA:110,0
DA:112,0
DA:113,0
DA:114,0
DA:115,0
DA:119,0
DA:120,0
DA:121,0
DA:122,0
DA:123,0
DA:124,0
DA:127,0
DA:128,0
DA:131,0
DA:132,0
DA:133,0
DA:134,0
DA:135,0
DA:139,0
DA:140,0
DA:141,0
DA:142,0
DA:143,0
DA:145,0
DA:146,0
DA:147,0
DA:149,0
DA:152,0
DA:190,0
DA:221,0
DA:237,0
LF:92
LH:2
BRDA:25,0,0,0
BRDA:26,1,0,0
BRDA:28,2,0,0
BRDA:49,3,0,0
BRDA:49,3,1,0
BRDA:49,4,0,0
BRDA:49,4,1,0
BRDA:57,5,0,0
BRDA:57,5,1,0
BRDA:57,6,0,0
BRDA:57,6,1,0
BRDA:64,7,0,0
BRDA:64,7,1,0
BRDA:64,8,0,0
BRDA:64,8,1,0
BRDA:67,9,0,0
BRDA:67,9,1,0
BRDA:70,10,0,0
BRDA:70,10,1,0
BRDA:70,11,0,0
BRDA:70,11,1,0
BRDA:75,12,0,0
BRDA:75,12,1,0
BRDA:75,13,0,0
BRDA:75,13,1,0
BRDA:79,14,0,0
BRDA:79,14,1,0
BRDA:92,15,0,0
BRDA:92,15,1,0
BRDA:93,16,0,0
BRDA:93,16,1,0
BRDA:101,17,0,0
BRDA:101,17,1,0
BRDA:110,18,0,0
BRDA:110,18,1,0
BRDA:110,19,0,0
BRDA:110,19,1,0
BRDA:120,20,0,0
BRDA:120,20,1,0
BRDA:121,21,0,0
BRDA:121,21,1,0
BRDA:121,22,0,0
BRDA:121,22,1,0
BRDA:121,22,2,0
BRDA:123,23,0,0
BRDA:123,23,1,0
BRDA:123,24,0,0
BRDA:123,24,1,0
BRDA:123,24,2,0
BRDA:123,24,3,0
BRDA:123,24,4,0
BRDA:139,25,0,0
BRDA:139,25,1,0
BRDA:139,26,0,0
BRDA:139,26,1,0
BRDA:140,27,0,0
BRDA:140,27,1,0
BRDA:140,28,0,0
BRDA:140,28,1,0
BRDA:141,29,0,0
BRDA:141,29,1,0
BRDA:141,30,0,0
BRDA:141,30,1,0
BRDA:142,31,0,0
BRDA:142,31,1,0
BRDA:142,32,0,0
BRDA:142,32,1,0
BRDA:147,33,0,0
BRDA:147,33,1,0
BRDA:154,34,0,0
BRDA:154,34,1,0
BRDA:154,35,0,0
BRDA:154,35,1,0
BRDA:167,36,0,0
BRDA:167,36,1,0
BRDA:167,36,2,0
BRDA:167,36,3,0
BRDA:167,36,4,0
BRDA:173,37,0,0
BRDA:173,37,1,0
BRDA:180,38,0,0
BRDA:180,38,1,0
BRDA:180,38,2,0
BRDA:186,39,0,0
BRDA:186,39,1,0
BRDA:187,40,0,0
BRDA:187,40,1,0
BRDA:188,41,0,0
BRDA:188,41,1,0
BRDA:199,42,0,0
BRDA:199,42,1,0
BRDA:200,43,0,0
BRDA:200,43,1,0
BRDA:201,44,0,0
BRDA:201,44,1,0
BRDA:202,45,0,0
BRDA:202,45,1,0
BRDA:216,46,0,0
BRDA:216,46,1,0
BRDA:217,47,0,0
BRDA:217,47,1,0
BRDA:218,48,0,0
BRDA:218,48,1,0
BRDA:219,49,0,0
BRDA:219,49,1,0
BRDA:230,50,0,0
BRDA:230,50,1,0
BRDA:231,51,0,0
BRDA:231,51,1,0
BRDA:232,52,0,0
BRDA:232,52,1,0
BRDA:233,53,0,0
BRDA:233,53,1,0
BRDA:234,54,0,0
BRDA:234,54,1,0
BRDA:235,55,0,0
BRDA:235,55,1,0
BRF:117
BRH:0
end_of_record
TN:
SF:src\components\ZoomControls.tsx
FN:12,(anonymous_0)
FNF:1
FNH:1
FNDA:8,(anonymous_0)
DA:12,14
DA:13,8
DA:15,8
DA:19,8
LF:4
LH:4
BRDA:16,0,0,6
BRDA:16,0,1,2
BRF:2
BRH:2
end_of_record
TN:
SF:src\components\index.ts
FNF:0
FNH:0
LF:0
LH:0
BRF:0
BRH:0
end_of_record
TN:
SF:src\components\effects\ShinyText.tsx
FN:10,(anonymous_0)
FNF:1
FNH:1
FNDA:8,(anonymous_0)
DA:10,11
DA:11,8
DA:13,8
LF:3
LH:3
BRDA:10,0,0,8
BRDA:10,1,0,8
BRDA:10,2,0,8
BRDA:15,3,0,1
BRDA:15,3,1,7
BRF:5
BRH:5
end_of_record
TN:
SF:src\constants\colors.ts
FNF:0
FNH:0
DA:1,1
LF:1
LH:1
BRF:0
BRH:0
end_of_record
TN:
SF:src\constants\structuralComponents.ts
FN:4,(anonymous_0)
FN:27,(anonymous_1)
FN:28,(anonymous_2)
FNF:3
FNH:0
FNDA:0,(anonymous_0)
FNDA:0,(anonymous_1)
FNDA:0,(anonymous_2)
DA:2,13
DA:4,13
DA:5,0
DA:19,13
DA:27,13
DA:28,0
LF:6
LH:4
BRDA:5,0,0,0
BRDA:5,0,1,0
BRF:2
BRH:0
end_of_record
TN:
SF:src\context\AuthContext.tsx
FN:38,getPersistedState
FN:59,persistState
FN:68,AuthProvider
FN:69,(anonymous_3)
FN:74,(anonymous_4)
FN:87,(anonymous_5)
FN:92,(anonymous_6)
FN:106,(anonymous_7)
FN:110,(anonymous_8)
FN:112,(anonymous_9)
FN:116,(anonymous_10)
FN:126,useAuth
FN:132,RequireAuth
FN:140,RequireAdmin
FNF:14
FNH:14
FNDA:39,getPersistedState
FNDA:42,persistState
FNDA:81,AuthProvider
FNDA:39,(anonymous_3)
FNDA:9,(anonymous_4)
FNDA:33,(anonymous_5)
FNDA:39,(anonymous_6)
FNDA:39,(anonymous_7)
FNDA:80,(anonymous_8)
FNDA:2,(anonymous_9)
FNDA:1,(anonymous_10)
FNDA:274,useAuth
FNDA:6,RequireAuth
FNDA:4,RequireAdmin
DA:26,7
DA:28,7
DA:36,7
DA:39,39
DA:40,39
DA:41,33
DA:44,6
DA:45,6
DA:46,6
DA:54,1
DA:55,1
DA:60,42
DA:61,33
DA:62,33
DA:65,9
DA:69,81
DA:74,81
DA:75,9
DA:83,9
DA:84,9
DA:87,81
DA:88,33
DA:89,33
DA:92,81
DA:93,39
DA:94,39
DA:95,7
DA:102,32
DA:106,81
DA:107,39
DA:110,81
DA:113,2
DA:117,1
DA:118,1
DA:119,1
DA:123,81
DA:127,274
DA:128,274
DA:129,269
DA:133,6
DA:134,6
DA:135,3
DA:141,4
DA:142,4
DA:145,2
LF:45
LH:45
BRDA:40,0,0,33
BRDA:40,0,1,6
BRDA:48,1,0,5
BRDA:48,1,1,0
BRDA:49,2,0,5
BRDA:49,2,1,0
BRDA:50,3,0,5
BRDA:50,3,1,0
BRDA:51,4,0,5
BRDA:51,4,1,0
BRDA:60,5,0,33
BRDA:60,5,1,9
BRDA:128,6,0,4
BRDA:128,6,1,270
BRDA:134,7,0,3
BRDA:134,7,1,3
BRDA:135,8,0,1
BRDA:135,8,1,2
BRDA:142,9,0,2
BRDA:142,9,1,2
BRDA:145,10,0,1
BRDA:145,10,1,1
BRF:22
BRH:18
end_of_record
TN:
SF:src\context\SettingsContext.tsx
FN:18,(anonymous_0)
FN:24,(anonymous_1)
FN:34,(anonymous_2)
FN:36,(anonymous_3)
FN:52,(anonymous_4)
FNF:5
FNH:5
FNDA:41,(anonymous_0)
FNDA:37,(anonymous_1)
FNDA:36,(anonymous_2)
FNDA:36,(anonymous_3)
FNDA:209,(anonymous_4)
DA:16,9
DA:18,9
DA:19,41
DA:20,41
DA:21,41
DA:22,41
DA:24,41
DA:25,37
DA:26,2
DA:28,35
DA:34,41
DA:35,36
DA:36,36
DA:37,36
DA:41,41
DA:52,9
DA:53,209
DA:54,209
DA:55,204
LF:19
LH:19
BRDA:25,0,0,2
BRDA:25,0,1,35
BRDA:54,1,0,4
BRDA:54,1,1,205
BRF:4
BRH:4
end_of_record
TN:
SF:src\context\ThemeContext.tsx
FN:11,ThemeProvider
FN:12,(anonymous_1)
FN:20,(anonymous_2)
FN:31,(anonymous_3)
FN:32,(anonymous_4)
FN:42,useTheme
FNF:6
FNH:6
FNDA:41,ThemeProvider
FNDA:35,(anonymous_1)
FNDA:41,(anonymous_2)
FNDA:6,(anonymous_3)
FNDA:6,(anonymous_4)
FNDA:191,useTheme
DA:9,9
DA:12,41
DA:13,35
DA:14,35
DA:16,30
DA:17,30
DA:20,41
DA:21,41
DA:23,41
DA:24,41
DA:25,9
DA:27,32
DA:31,41
DA:32,6
DA:35,41
DA:43,191
DA:44,191
DA:45,4
DA:47,186
LF:19
LH:19
BRDA:14,0,0,5
BRDA:14,0,1,30
BRDA:17,1,0,1
BRDA:17,1,1,29
BRDA:24,2,0,9
BRDA:24,2,1,32
BRDA:32,3,0,4
BRDA:32,3,1,2
BRDA:44,4,0,4
BRDA:44,4,1,187
BRF:10
BRH:10
end_of_record
TN:
SF:src\hooks\useAppSound.ts
FN:9,useAppSound
FN:17,(anonymous_1)
FNF:2
FNH:2
FNDA:30,useAppSound
FNDA:1,(anonymous_1)
DA:10,30
DA:11,30
DA:17,30
DA:19,30
LF:4
LH:4
BRDA:13,0,0,28
BRDA:13,0,1,2
BRDA:13,1,0,28
BRDA:13,1,1,3
BRDA:17,2,0,28
BRDA:17,2,1,1
BRF:6
BRH:6
end_of_record
TN:
SF:src\pages\EditMapPage.tsx
FN:14,EditMapPage
FN:18,(anonymous_1)
FN:37,(anonymous_2)
FN:39,(anonymous_3)
FN:46,(anonymous_4)
FN:51,(anonymous_5)
FN:52,(anonymous_6)
FN:55,(anonymous_7)
FN:62,(anonymous_8)
FN:67,(anonymous_9)
FN:70,(anonymous_10)
FN:89,(anonymous_11)
FN:92,(anonymous_12)
FN:97,(anonymous_13)
FN:98,(anonymous_14)
FN:124,(anonymous_15)
FN:124,(anonymous_16)
FN:141,(anonymous_17)
FN:155,(anonymous_18)
FN:166,(anonymous_19)
FN:166,(anonymous_20)
FN:178,(anonymous_21)
FN:178,(anonymous_22)
FNF:23
FNH:17
FNDA:40,EditMapPage
FNDA:15,(anonymous_1)
FNDA:27,(anonymous_2)
FNDA:0,(anonymous_3)
FNDA:27,(anonymous_4)
FNDA:13,(anonymous_5)
FNDA:13,(anonymous_6)
FNDA:14,(anonymous_7)
FNDA:14,(anonymous_8)
FNDA:14,(anonymous_9)
FNDA:14,(anonymous_10)
FNDA:14,(anonymous_11)
FNDA:0,(anonymous_12)
FNDA:14,(anonymous_13)
FNDA:14,(anonymous_14)
FNDA:2,(anonymous_15)
FNDA:2,(anonymous_16)
FNDA:1,(anonymous_17)
FNDA:1,(anonymous_18)
FNDA:0,(anonymous_19)
FNDA:0,(anonymous_20)
FNDA:0,(anonymous_21)
FNDA:0,(anonymous_22)
DA:15,40
DA:16,40
DA:18,40
DA:19,15
DA:20,1
DA:24,40
DA:25,40
DA:26,40
DA:27,40
DA:28,40
DA:29,40
DA:30,40
DA:31,40
DA:33,40
DA:34,40
DA:37,40
DA:38,27
DA:39,13
DA:42,40
DA:43,40
DA:46,40
DA:47,27
DA:48,27
DA:49,13
DA:50,27
DA:51,13
DA:52,13
DA:55,40
DA:56,14
DA:57,0
DA:62,40
DA:63,14
DA:67,40
DA:68,14
DA:70,14
DA:71,14
DA:72,14
DA:74,14
DA:75,14
DA:76,13
DA:77,13
DA:78,13
DA:80,1
DA:81,1
DA:82,1
DA:84,14
DA:88,14
DA:89,14
DA:92,40
DA:93,0
DA:97,40
DA:98,14
DA:99,14
DA:100,14
DA:101,0
DA:103,14
DA:105,14
DA:108,40
DA:109,14
DA:116,26
DA:124,2
DA:141,1
DA:155,1
DA:166,0
DA:178,0
LF:65
LH:60
BRDA:19,0,0,1
BRDA:19,0,1,14
BRDA:19,1,0,15
BRDA:19,1,1,14
BRDA:34,2,0,0
BRDA:34,2,1,40
BRDA:34,3,0,40
BRDA:34,3,1,0
BRDA:38,4,0,14
BRDA:38,4,1,13
BRDA:42,5,0,25
BRDA:42,5,1,15
BRDA:47,6,0,0
BRDA:47,6,1,27
BRDA:48,7,0,14
BRDA:48,7,1,13
BRDA:48,8,0,27
BRDA:48,8,1,13
BRDA:49,9,0,13
BRDA:49,9,1,0
BRDA:56,10,0,0
BRDA:56,10,1,14
BRDA:76,11,0,0
BRDA:76,11,1,13
BRDA:80,12,0,0
BRDA:80,12,1,1
BRDA:82,13,0,1
BRDA:82,13,1,0
BRDA:84,14,0,14
BRDA:84,14,1,0
BRDA:100,15,0,0
BRDA:100,15,1,14
BRDA:108,16,0,14
BRDA:108,16,1,26
BRDA:108,17,0,40
BRDA:108,17,1,26
BRDA:125,18,0,2
BRDA:125,18,1,24
BRDA:127,19,0,2
BRDA:127,19,1,24
BRDA:132,20,0,2
BRDA:132,20,1,24
BRDA:138,21,0,40
BRDA:138,21,1,2
BRDA:173,22,0,40
BRDA:173,22,1,1
BRF:46
BRH:36
end_of_record
TN:
SF:src\pages\HomePage.tsx
FN:11,HomePage
FN:56,(anonymous_1)
FNF:2
FNH:2
FNDA:14,HomePage
FNDA:1,(anonymous_1)
DA:12,14
DA:13,14
DA:14,14
DA:16,14
DA:56,1
LF:5
LH:5
BRDA:24,0,0,2
BRDA:24,0,1,12
BRDA:34,1,0,0
BRDA:34,1,1,14
BRDA:35,2,0,0
BRDA:35,2,1,14
BRDA:36,3,0,0
BRDA:36,3,1,14
BRDA:50,4,0,0
BRDA:50,4,1,14
BRDA:51,5,0,0
BRDA:51,5,1,14
BRDA:52,6,0,0
BRDA:52,6,1,14
BRF:14
BRH:8
end_of_record
TN:
SF:src\pages\LoadingPage.tsx
FN:4,LoadingPage
FNF:1
FNH:1
FNDA:4,LoadingPage
DA:5,4
LF:1
LH:1
BRF:0
BRH:0
end_of_record
TN:
SF:src\pages\LoginPage.tsx
FN:8,LoginPage
FN:16,(anonymous_1)
FN:22,(anonymous_2)
FN:100,(anonymous_3)
FN:115,(anonymous_4)
FNF:5
FNH:5
FNDA:60,LoginPage
FNDA:30,(anonymous_1)
FNDA:8,(anonymous_2)
FNDA:8,(anonymous_3)
FNDA:8,(anonymous_4)
DA:9,60
DA:10,60
DA:11,60
DA:12,60
DA:13,60
DA:14,60
DA:16,60
DA:17,30
DA:18,3
DA:22,60
DA:23,8
DA:25,8
DA:26,8
DA:28,8
DA:29,1
DA:30,1
DA:33,7
DA:34,1
DA:35,1
DA:38,6
DA:40,6
DA:41,6
DA:46,3
DA:52,1
DA:53,1
DA:56,2
DA:57,2
DA:58,2
DA:64,2
DA:66,3
DA:67,3
DA:69,6
DA:73,60
DA:100,8
DA:115,8
LF:35
LH:35
BRDA:17,0,0,3
BRDA:17,0,1,27
BRDA:17,1,0,30
BRDA:17,1,1,22
BRDA:25,2,0,0
BRDA:25,2,1,8
BRDA:25,3,0,8
BRDA:25,3,1,8
BRDA:28,4,0,1
BRDA:28,4,1,7
BRDA:28,5,0,8
BRDA:28,5,1,7
BRDA:33,6,0,1
BRDA:33,6,1,6
BRDA:46,7,0,1
BRDA:46,7,1,2
BRDA:47,8,0,3
BRDA:47,8,1,2
BRDA:47,8,2,2
BRDA:47,8,3,2
BRDA:52,9,0,1
BRDA:52,9,1,0
BRDA:67,10,0,2
BRDA:67,10,1,1
BRDA:89,11,0,60
BRDA:89,11,1,6
BRDA:124,12,0,60
BRDA:124,12,1,53
BRDA:125,13,0,6
BRDA:125,13,1,53
BRDA:126,14,0,6
BRDA:126,14,1,53
BRDA:129,15,0,14
BRDA:129,15,1,45
BRDA:129,16,0,60
BRDA:129,16,1,53
BRF:36
BRH:34
end_of_record
TN:
SF:src\pages\MapPage.tsx
FN:14,MapPage
FN:29,(anonymous_1)
FN:31,(anonymous_2)
FN:37,(anonymous_3)
FN:41,(anonymous_4)
FN:42,(anonymous_5)
FN:45,(anonymous_6)
FN:52,(anonymous_7)
FN:55,(anonymous_8)
FN:65,(anonymous_9)
FN:72,(anonymous_10)
FN:86,(anonymous_11)
FN:90,(anonymous_12)
FN:92,(anonymous_13)
FN:99,(anonymous_14)
FN:100,(anonymous_15)
FN:127,(anonymous_16)
FN:131,(anonymous_17)
FN:149,(anonymous_18)
FN:149,(anonymous_19)
FN:161,(anonymous_20)
FN:161,(anonymous_21)
FN:172,(anonymous_22)
FNF:23
FNH:21
FNDA:35,MapPage
FNDA:24,(anonymous_1)
FNDA:12,(anonymous_2)
FNDA:28,(anonymous_3)
FNDA:32,(anonymous_4)
FNDA:16,(anonymous_5)
FNDA:28,(anonymous_6)
FNDA:12,(anonymous_7)
FNDA:12,(anonymous_8)
FNDA:24,(anonymous_9)
FNDA:36,(anonymous_10)
FNDA:12,(anonymous_11)
FNDA:1,(anonymous_12)
FNDA:1,(anonymous_13)
FNDA:12,(anonymous_14)
FNDA:12,(anonymous_15)
FNDA:0,(anonymous_16)
FNDA:0,(anonymous_17)
FNDA:1,(anonymous_18)
FNDA:1,(anonymous_19)
FNDA:3,(anonymous_20)
FNDA:3,(anonymous_21)
FNDA:1,(anonymous_22)
DA:15,35
DA:16,35
DA:17,35
DA:18,35
DA:19,35
DA:20,35
DA:21,35
DA:22,35
DA:23,35
DA:24,35
DA:25,35
DA:26,35
DA:29,35
DA:30,24
DA:31,12
DA:34,35
DA:35,35
DA:37,35
DA:38,28
DA:39,16
DA:40,28
DA:41,32
DA:42,16
DA:45,35
DA:46,28
DA:47,0
DA:52,35
DA:53,12
DA:55,12
DA:56,12
DA:57,12
DA:59,12
DA:60,12
DA:61,12
DA:62,12
DA:64,12
DA:65,12
DA:66,24
DA:67,24
DA:68,24
DA:72,36
DA:75,12
DA:77,0
DA:78,0
DA:79,0
DA:81,12
DA:85,12
DA:86,12
DA:90,35
DA:92,1
DA:93,1
DA:94,0
DA:96,1
DA:99,35
DA:100,12
DA:101,12
DA:102,12
DA:103,12
DA:105,12
DA:108,35
DA:109,12
DA:116,23
DA:128,0
DA:129,0
DA:132,0
DA:149,1
DA:161,3
DA:172,1
LF:68
LH:60
BRDA:26,0,0,0
BRDA:26,0,1,35
BRDA:26,1,0,35
BRDA:26,1,1,0
BRDA:30,2,0,12
BRDA:30,2,1,12
BRDA:34,3,0,23
BRDA:34,3,1,12
BRDA:38,4,0,12
BRDA:38,4,1,16
BRDA:38,5,0,28
BRDA:38,5,1,16
BRDA:39,6,0,16
BRDA:39,6,1,0
BRDA:46,7,0,0
BRDA:46,7,1,28
BRDA:61,8,0,0
BRDA:61,8,1,12
BRDA:64,9,0,12
BRDA:64,9,1,0
BRDA:66,10,0,24
BRDA:66,10,1,0
BRDA:66,10,2,0
BRDA:70,11,0,24
BRDA:70,11,1,0
BRDA:71,12,0,24
BRDA:71,12,1,0
BRDA:72,13,0,24
BRDA:72,13,1,0
BRDA:77,14,0,0
BRDA:77,14,1,0
BRDA:79,15,0,0
BRDA:79,15,1,0
BRDA:81,16,0,12
BRDA:81,16,1,0
BRDA:93,17,0,0
BRDA:93,17,1,1
BRDA:93,18,0,1
BRDA:93,18,1,1
BRDA:108,19,0,12
BRDA:108,19,1,23
BRDA:129,20,0,0
BRDA:129,20,1,0
BRDA:156,21,0,23
BRDA:156,21,1,0
BRDA:170,22,0,35
BRDA:170,22,1,23
BRDA:170,22,2,23
BRF:48
BRH:28
end_of_record
TN:
SF:src\pages\NotFoundPage.tsx
FN:5,NotFoundPage
FNF:1
FNH:1
FNDA:5,NotFoundPage
DA:6,5
LF:1
LH:1
BRF:0
BRH:0
end_of_record
TN:
SF:src\pages\ProfilePage.tsx
FN:6,ProfilePage
FN:10,(anonymous_1)
FNF:2
FNH:2
FNDA:12,ProfilePage
FNDA:12,(anonymous_1)
DA:7,12
DA:8,12
DA:10,12
DA:11,12
DA:12,3
DA:16,12
DA:17,5
DA:20,7
LF:8
LH:8
BRDA:11,0,0,3
BRDA:11,0,1,9
BRDA:11,1,0,12
BRDA:11,1,1,7
BRDA:16,2,0,5
BRDA:16,2,1,7
BRF:6
BRH:6
end_of_record
TN:
SF:src\pages\SearchMapPage.tsx
FN:8,shuffleArray
FN:17,SearchMapPage
FN:22,(anonymous_2)
FN:23,(anonymous_3)
FN:27,(anonymous_4)
FN:37,(anonymous_5)
FN:52,(anonymous_6)
FN:53,(anonymous_7)
FN:57,(anonymous_8)
FN:76,(anonymous_9)
FN:84,(anonymous_10)
FN:87,(anonymous_11)
FNF:12
FNH:0
FNDA:0,shuffleArray
FNDA:0,SearchMapPage
FNDA:0,(anonymous_2)
FNDA:0,(anonymous_3)
FNDA:0,(anonymous_4)
FNDA:0,(anonymous_5)
FNDA:0,(anonymous_6)
FNDA:0,(anonymous_7)
FNDA:0,(anonymous_8)
FNDA:0,(anonymous_9)
FNDA:0,(anonymous_10)
FNDA:0,(anonymous_11)
DA:9,0
DA:10,0
DA:11,0
DA:12,0
DA:14,0
DA:18,0
DA:19,0
DA:20,0
DA:22,0
DA:23,0
DA:24,0
DA:25,0
DA:26,0
DA:27,0
DA:29,0
DA:31,0
DA:34,0
DA:37,0
DA:39,0
DA:52,0
DA:54,0
DA:55,0
DA:58,0
DA:77,0
DA:85,0
DA:87,0
LF:26
LH:0
BRDA:55,0,0,0
BRDA:55,0,1,0
BRDA:74,1,0,0
BRDA:74,1,1,0
BRDA:80,2,0,0
BRDA:80,2,1,0
BRDA:115,3,0,0
BRDA:115,3,1,0
BRDA:115,3,2,0
BRF:9
BRH:0
end_of_record
TN:
SF:src\pages\SettingsPage.tsx
FN:7,SettingsPage
FN:44,(anonymous_1)
FN:57,(anonymous_2)
FN:70,(anonymous_3)
FN:83,(anonymous_4)
FN:89,(anonymous_5)
FNF:6
FNH:6
FNDA:16,SettingsPage
FNDA:1,(anonymous_1)
FNDA:1,(anonymous_2)
FNDA:1,(anonymous_3)
FNDA:1,(anonymous_4)
FNDA:1,(anonymous_5)
DA:8,16
DA:9,16
DA:10,16
DA:11,16
DA:12,16
DA:14,16
DA:44,1
DA:57,1
DA:70,1
DA:83,1
DA:89,1
LF:11
LH:11
BRDA:22,0,0,0
BRDA:22,0,1,16
BRDA:23,1,0,0
BRDA:23,1,1,16
BRDA:24,2,0,0
BRDA:24,2,1,16
BRF:6
BRH:3
end_of_record
TN:
SF:src\pages\SignUpPage.tsx
FN:8,SignUpPage
FN:18,(anonymous_1)
FN:24,(anonymous_2)
FN:61,(anonymous_3)
FN:92,(anonymous_4)
FN:107,(anonymous_5)
FN:122,(anonymous_6)
FN:137,(anonymous_7)
FNF:8
FNH:8
FNDA:84,SignUpPage
FNDA:26,(anonymous_1)
FNDA:11,(anonymous_2)
FNDA:1,(anonymous_3)
FNDA:11,(anonymous_4)
FNDA:10,(anonymous_5)
FNDA:10,(anonymous_6)
FNDA:10,(anonymous_7)
DA:9,84
DA:10,84
DA:11,84
DA:12,84
DA:13,84
DA:14,84
DA:15,84
DA:16,84
DA:18,84
DA:19,26
DA:20,1
DA:24,84
DA:25,11
DA:26,11
DA:27,11
DA:29,11
DA:30,11
DA:31,11
DA:32,1
DA:33,1
DA:36,10
DA:37,2
DA:38,2
DA:41,8
DA:42,2
DA:43,2
DA:46,6
DA:47,6
DA:48,6
DA:53,2
DA:55,3
DA:57,5
DA:61,84
DA:62,1
DA:65,84
DA:92,11
DA:107,10
DA:122,10
DA:137,10
LF:39
LH:39
BRDA:19,0,0,1
BRDA:19,0,1,25
BRDA:19,1,0,26
BRDA:19,1,1,19
BRDA:26,2,0,0
BRDA:26,2,1,11
BRDA:26,3,0,11
BRDA:26,3,1,11
BRDA:31,4,0,1
BRDA:31,4,1,10
BRDA:31,5,0,11
BRDA:31,5,1,10
BRDA:31,5,2,10
BRDA:31,5,3,10
BRDA:36,6,0,2
BRDA:36,6,1,8
BRDA:41,7,0,2
BRDA:41,7,1,6
BRDA:55,8,0,2
BRDA:55,8,1,1
BRDA:81,9,0,84
BRDA:81,9,1,8
BRDA:147,10,0,84
BRDA:147,10,1,77
BRDA:148,11,0,6
BRDA:148,11,1,77
BRDA:149,12,0,6
BRDA:149,12,1,77
BRDA:152,13,0,6
BRDA:152,13,1,77
BRF:30
BRH:29
end_of_record
TN:
SF:src\services\apiClient.ts
FN:3,request
FN:21,(anonymous_1)
FNF:2
FNH:2
FNDA:25,request
FNDA:1,(anonymous_1)
DA:1,19
DA:7,25
DA:9,25
DA:14,25
DA:20,25
DA:21,5
DA:22,5
DA:28,20
DA:30,16
LF:9
LH:9
BRDA:1,0,0,19
BRDA:1,0,1,0
BRDA:1,1,0,0
BRDA:1,1,1,0
BRDA:5,2,0,25
BRDA:20,3,0,5
BRDA:20,3,1,20
BRDA:23,4,0,5
BRDA:23,4,1,4
BRDA:28,5,0,4
BRDA:28,5,1,16
BRF:11
BRH:8
end_of_record
TN:
SF:src\services\authService.ts
FN:14,parseErrorMessage
FN:16,(anonymous_1)
FN:37,authRequest
FN:63,loginManager
FN:70,registerManager
FN:77,getManagerProfile
FN:81,logoutManager
FN:87,(anonymous_7)
FNF:8
FNH:7
FNDA:16,parseErrorMessage
FNDA:0,(anonymous_1)
FNDA:40,authRequest
FNDA:7,loginManager
FNDA:4,registerManager
FNDA:29,getManagerProfile
FNDA:2,logoutManager
FNDA:1,(anonymous_7)
DA:15,16
DA:16,16
DA:18,16
DA:19,9
DA:22,7
DA:23,7
DA:24,7
DA:25,5
DA:27,1
DA:28,1
DA:34,1
DA:41,40
DA:42,40
DA:51,24
DA:52,16
DA:53,16
DA:56,8
DA:57,0
DA:60,8
DA:64,7
DA:71,4
DA:78,29
DA:82,2
DA:84,2
DA:87,1
LF:25
LH:24
BRDA:18,0,0,9
BRDA:18,0,1,7
BRDA:24,1,0,5
BRDA:24,1,1,2
BRDA:24,2,0,7
BRDA:24,2,1,5
BRDA:27,3,0,1
BRDA:27,3,1,0
BRDA:27,4,0,1
BRDA:27,4,1,1
BRDA:39,5,0,40
BRDA:51,6,0,16
BRDA:51,6,1,8
BRDA:56,7,0,0
BRDA:56,7,1,8
BRF:15
BRH:13
end_of_record
TN:
SF:src\services\componentService.ts
FN:18,createComponent
FN:28,updateComponent
FN:39,deleteComponent
FNF:3
FNH:3
FNDA:1,createComponent
FNDA:1,updateComponent
FNDA:1,deleteComponent
DA:21,1
DA:32,1
DA:40,1
LF:3
LH:3
BRF:0
BRH:0
end_of_record
TN:
SF:src\services\equipmentTypeService.ts
FN:4,upsertEquipmentTypeOverride
FN:14,updateCustomEquipmentType
FN:24,getAllEquipmentTypes
FNF:3
FNH:2
FNDA:1,upsertEquipmentTypeOverride
FNDA:0,updateCustomEquipmentType
FNDA:1,getAllEquipmentTypes
DA:8,1
DA:18,0
DA:25,1
LF:3
LH:2
BRF:0
BRH:0
end_of_record
TN:
SF:src\services\exerciseService.ts
FN:9,createExercise
FN:18,upsertExerciseOverride
FN:28,getExerciseById
FN:32,updateCustomExercise
FNF:4
FNH:4
FNDA:1,createExercise
FNDA:1,upsertExerciseOverride
FNDA:1,getExerciseById
FNDA:1,updateCustomExercise
DA:12,1
DA:22,1
DA:29,1
DA:36,1
LF:4
LH:4
BRF:0
BRH:0
end_of_record
TN:
SF:src\services\floorService.ts
FN:18,createFloor
FN:29,updateFloor
FN:40,deleteFloor
FNF:3
FNH:3
FNDA:1,createFloor
FNDA:1,updateFloor
FNDA:1,deleteFloor
DA:22,1
DA:33,1
DA:41,1
LF:3
LH:3
BRF:0
BRH:0
end_of_record
TN:
SF:src\services\isAdmin.ts
FN:1,isAdminTEST
FNF:1
FNH:1
FNDA:4,isAdminTEST
DA:2,4
DA:3,4
LF:2
LH:2
BRF:0
BRH:0
end_of_record
TN:
SF:src\services\layoutService.ts
FN:20,getLayout
FN:25,getLayoutPublic
FN:30,getAllPublicLayouts
FN:35,getAllLayouts
FN:40,createLayout
FN:50,updateLayout
FN:61,deleteLayout
FNF:7
FNH:5
FNDA:2,getLayout
FNDA:1,getLayoutPublic
FNDA:0,getAllPublicLayouts
FNDA:0,getAllLayouts
FNDA:1,createLayout
FNDA:1,updateLayout
FNDA:1,deleteLayout
DA:21,2
DA:26,1
DA:31,0
DA:36,0
DA:43,1
DA:54,1
DA:62,1
LF:7
LH:5
BRF:0
BRH:0
end_of_record
TN:
SF:src\services\muscleService.ts
FN:4,getMuscles
FNF:1
FNH:0
FNDA:0,getMuscles
DA:5,0
LF:1
LH:0
BRF:0
BRH:0
end_of_record
TN:
SF:src\services\tempAuth.ts
FN:14,authenticateTempUser
FN:26,constantTimeCompare
FNF:2
FNH:2
FNDA:7,authenticateTempUser
FNDA:14,constantTimeCompare
DA:8,1
DA:15,7
DA:16,7
DA:18,7
DA:20,7
DA:27,14
DA:29,10
DA:30,10
DA:31,86
DA:33,10
LF:10
LH:10
BRDA:15,0,0,7
BRDA:15,0,1,1
BRDA:16,1,0,7
BRDA:16,1,1,1
BRDA:18,2,0,7
BRDA:18,2,1,3
BRDA:22,3,0,1
BRDA:22,3,1,6
BRDA:27,4,0,4
BRDA:27,4,1,10
BRF:10
BRH:10
end_of_record
TN:
SF:src\services\tileService.ts
FN:7,(anonymous_0)
FN:12,(anonymous_1)
FN:32,parseAdditionalInfo
FN:41,(anonymous_3)
FN:53,(anonymous_4)
FN:61,(anonymous_5)
FN:62,(anonymous_6)
FN:77,(anonymous_7)
FN:92,getFloorTiles
FN:98,(anonymous_9)
FN:112,(anonymous_10)
FN:113,(anonymous_11)
FN:124,getPreviewTiles
FNF:13
FNH:13
FNDA:20,(anonymous_0)
FNDA:20,(anonymous_1)
FNDA:20,parseAdditionalInfo
FNDA:20,(anonymous_3)
FNDA:28,(anonymous_4)
FNDA:28,(anonymous_5)
FNDA:28,(anonymous_6)
FNDA:26,(anonymous_7)
FNDA:5,getFloorTiles
FNDA:3,(anonymous_9)
FNDA:3,(anonymous_10)
FNDA:2,(anonymous_11)
FNDA:12,getPreviewTiles
DA:5,4
DA:7,4
DA:8,20
DA:9,20
DA:12,4
DA:13,20
DA:14,2
DA:15,1
DA:33,20
DA:34,2
DA:35,2
DA:37,1
DA:41,4
DA:45,20
DA:46,20
DA:47,20
DA:48,20
DA:49,20
DA:51,20
DA:53,28
DA:56,20
DA:58,20
DA:61,28
DA:62,28
DA:77,26
DA:96,5
DA:98,5
DA:99,5
DA:100,1
DA:107,4
DA:108,4
DA:110,4
DA:111,5
DA:112,3
DA:113,2
DA:115,5
DA:117,5
DA:125,12
LF:38
LH:38
BRDA:13,0,0,18
BRDA:13,0,1,2
BRDA:14,1,0,1
BRDA:14,1,1,1
BRDA:33,2,0,18
BRDA:33,2,1,2
BRDA:47,3,0,20
BRDA:47,3,1,4
BRDA:53,4,0,28
BRDA:53,4,1,0
BRDA:56,5,0,20
BRDA:56,5,1,19
BRDA:56,6,0,13
BRDA:56,6,1,6
BRDA:66,7,0,20
BRDA:66,7,1,20
BRDA:67,8,0,20
BRDA:67,8,1,18
BRDA:70,9,0,20
BRDA:70,9,1,20
BRDA:75,10,0,20
BRDA:75,10,1,19
BRDA:75,10,2,4
BRDA:76,11,0,20
BRDA:76,11,1,19
BRDA:76,11,2,4
BRDA:77,12,0,20
BRDA:77,12,1,19
BRDA:79,13,0,20
BRDA:79,13,1,19
BRDA:80,14,0,20
BRDA:80,14,1,19
BRDA:81,15,0,20
BRDA:81,15,1,19
BRDA:99,16,0,1
BRDA:99,16,1,4
BRDA:110,17,0,4
BRDA:110,17,1,0
BRF:38
BRH:36
end_of_record
